<html>
<head>
<title>TestNG:  Reservations</title>
<link href="../testng.css" rel="stylesheet" type="text/css" />
<link href="../my-testng.css" rel="stylesheet" type="text/css" />

<style type="text/css">
.log { display: none;} 
.stack-trace { display: none;} 
</style>
<script type="text/javascript">
<!--
function flip(e) {
  current = e.style.display;
  if (current == 'block') {
    e.style.display = 'none';
    return 0;
  }
  else {
    e.style.display = 'block';
    return 1;
  }
}

function toggleBox(szDivId, elem, msg1, msg2)
{
  var res = -1;  if (document.getElementById) {
    res = flip(document.getElementById(szDivId));
  }
  else if (document.all) {
    // this is the way old msie versions work
    res = flip(document.all[szDivId]);
  }
  if(elem) {
    if(res == 0) elem.innerHTML = msg1; else elem.innerHTML = msg2;
  }

}

function toggleAllBoxes() {
  if (document.getElementsByTagName) {
    d = document.getElementsByTagName('div');
    for (i = 0; i < d.length; i++) {
      if (d[i].className == 'log') {
        flip(d[i]);
      }
    }
  }
}

// -->
</script>

</head>
<body>
<h2 align='center'>Reservations</h2><table border='1' align="center">
<tr>
<td>Tests passed/Failed/Skipped:</td><td>8/0/0</td>
</tr><tr>
<td>Started on:</td><td>Wed Feb 19 16:25:48 IST 2020</td>
</tr>
<tr><td>Total time:</td><td>2302 seconds (2302866 ms)</td>
</tr><tr>
<td>Included groups:</td><td></td>
</tr><tr>
<td>Excluded groups:</td><td></td>
</tr>
</table><p/>
<small><i>(Hover the method name to see the test class name)</i></small><p/>
<table width='100%' border='1' class='invocation-failed'>
<tr><td colspan='4' align='center'><b>FAILED CONFIGURATIONS</b></td></tr>
<tr><td><b>Test method</b></td>
<td width="30%"><b>Exception</b></td>
<td width="10%"><b>Time (seconds)</b></td>
<td><b>Instance</b></td>
</tr>
<tr>
<td title='com.ecommerce.redlion.test.Reservations.quitDriver()'><b>quitDriver</b><br>Test class: com.ecommerce.redlion.test.Reservations</td>
<td><div><pre>org.openqa.selenium.WebDriverException: chrome not reachable
  (Session info: chrome=79.0.3945.130)
Build info: version: &apos;3.141.5&apos;, revision: &apos;d54ebd709a&apos;, time: &apos;2018-11-06T11:42:16&apos;
System info: host: &apos;MSURI-L-1576&apos;, ip: &apos;192.168.2.144&apos;, os.name: &apos;Windows 10&apos;, os.arch: &apos;amd64&apos;, os.version: &apos;10.0&apos;, java.version: &apos;1.8.0_241&apos;
Driver info: org.openqa.selenium.chrome.ChromeDriver
Capabilities {acceptInsecureCerts: false, browserName: chrome, browserVersion: 79.0.3945.130, chrome: {chromedriverVersion: 79.0.3945.36 (3582db32b3389..., userDataDir: C:\Users\msuri\AppData\Loca...}, goog:chromeOptions: {debuggerAddress: localhost:55537}, javascriptEnabled: true, networkConnectionEnabled: false, pageLoadStrategy: normal, platform: WINDOWS, platformName: WINDOWS, proxy: Proxy(), setWindowRect: true, strictFileInteractability: false, timeouts: {implicit: 0, pageLoad: 300000, script: 30000}, unhandledPromptBehavior: dismiss and notify}
Session ID: 100d1930ec73db5bf6b114e1512e54f8
	at org.openqa.selenium.remote.http.W3CHttpResponseCodec.createException(W3CHttpResponseCodec.java:187)
	at org.openqa.selenium.remote.http.W3CHttpResponseCodec.decode(W3CHttpResponseCodec.java:122)
	at org.openqa.selenium.remote.http.W3CHttpResponseCodec.decode(W3CHttpResponseCodec.java:49)
	at org.openqa.selenium.remote.HttpCommandExecutor.execute(HttpCommandExecutor.java:158)
	at org.openqa.selenium.remote.service.DriverCommandExecutor.execute(DriverCommandExecutor.java:83)
	at org.openqa.selenium.remote.RemoteWebDriver.execute(RemoteWebDriver.java:552)
	at org.openqa.selenium.remote.RemoteWebDriver.execute(RemoteWebDriver.java:609)
	at org.openqa.selenium.remote.RemoteWebDriver.close(RemoteWebDriver.java:442)
	at com.ecommerce.redlion.helpers.BaseLibrary.quitDriver(BaseLibrary.java:148)
... Removed 30 stack frames</pre></div><a href='#' onClick='toggleBox("stack-trace120658205", this, "Click to show all stack frames", "Click to hide stack frames")'>Click to show all stack frames</a>
<div class='stack-trace' id='stack-trace120658205'><pre>org.openqa.selenium.WebDriverException: chrome not reachable
  (Session info: chrome=79.0.3945.130)
Build info: version: &apos;3.141.5&apos;, revision: &apos;d54ebd709a&apos;, time: &apos;2018-11-06T11:42:16&apos;
System info: host: &apos;MSURI-L-1576&apos;, ip: &apos;192.168.2.144&apos;, os.name: &apos;Windows 10&apos;, os.arch: &apos;amd64&apos;, os.version: &apos;10.0&apos;, java.version: &apos;1.8.0_241&apos;
Driver info: org.openqa.selenium.chrome.ChromeDriver
Capabilities {acceptInsecureCerts: false, browserName: chrome, browserVersion: 79.0.3945.130, chrome: {chromedriverVersion: 79.0.3945.36 (3582db32b3389..., userDataDir: C:\Users\msuri\AppData\Loca...}, goog:chromeOptions: {debuggerAddress: localhost:55537}, javascriptEnabled: true, networkConnectionEnabled: false, pageLoadStrategy: normal, platform: WINDOWS, platformName: WINDOWS, proxy: Proxy(), setWindowRect: true, strictFileInteractability: false, timeouts: {implicit: 0, pageLoad: 300000, script: 30000}, unhandledPromptBehavior: dismiss and notify}
Session ID: 100d1930ec73db5bf6b114e1512e54f8
	at sun.reflect.NativeConstructorAccessorImpl.newInstance0(Native Method)
	at sun.reflect.NativeConstructorAccessorImpl.newInstance(Unknown Source)
	at sun.reflect.DelegatingConstructorAccessorImpl.newInstance(Unknown Source)
	at java.lang.reflect.Constructor.newInstance(Unknown Source)
	at org.openqa.selenium.remote.http.W3CHttpResponseCodec.createException(W3CHttpResponseCodec.java:187)
	at org.openqa.selenium.remote.http.W3CHttpResponseCodec.decode(W3CHttpResponseCodec.java:122)
	at org.openqa.selenium.remote.http.W3CHttpResponseCodec.decode(W3CHttpResponseCodec.java:49)
	at org.openqa.selenium.remote.HttpCommandExecutor.execute(HttpCommandExecutor.java:158)
	at org.openqa.selenium.remote.service.DriverCommandExecutor.execute(DriverCommandExecutor.java:83)
	at org.openqa.selenium.remote.RemoteWebDriver.execute(RemoteWebDriver.java:552)
	at org.openqa.selenium.remote.RemoteWebDriver.execute(RemoteWebDriver.java:609)
	at org.openqa.selenium.remote.RemoteWebDriver.close(RemoteWebDriver.java:442)
	at com.ecommerce.redlion.helpers.BaseLibrary.quitDriver(BaseLibrary.java:148)
	at sun.reflect.NativeMethodAccessorImpl.invoke0(Native Method)
	at sun.reflect.NativeMethodAccessorImpl.invoke(Unknown Source)
	at sun.reflect.DelegatingMethodAccessorImpl.invoke(Unknown Source)
	at java.lang.reflect.Method.invoke(Unknown Source)
	at org.testng.internal.MethodInvocationHelper.invokeMethod(MethodInvocationHelper.java:124)
	at org.testng.internal.MethodInvocationHelper.invokeMethodConsideringTimeout(MethodInvocationHelper.java:59)
	at org.testng.internal.Invoker.invokeConfigurationMethod(Invoker.java:458)
	at org.testng.internal.Invoker.invokeConfigurations(Invoker.java:222)
	at org.testng.internal.Invoker.invokeConfigurations(Invoker.java:142)
	at org.testng.internal.TestMethodWorker.invokeAfterClassMethods(TestMethodWorker.java:214)
	at org.testng.internal.TestMethodWorker.run(TestMethodWorker.java:111)
	at org.testng.TestRunner.privateRun(TestRunner.java:648)
	at org.testng.TestRunner.run(TestRunner.java:505)
	at org.testng.SuiteRunner.runTest(SuiteRunner.java:455)
	at org.testng.SuiteRunner.runSequentially(SuiteRunner.java:450)
	at org.testng.SuiteRunner.privateRun(SuiteRunner.java:415)
	at org.testng.SuiteRunner.run(SuiteRunner.java:364)
	at org.testng.SuiteRunnerWorker.runSuite(SuiteRunnerWorker.java:52)
	at org.testng.SuiteRunnerWorker.run(SuiteRunnerWorker.java:84)
	at org.testng.TestNG.runSuitesSequentially(TestNG.java:1208)
	at org.testng.TestNG.runSuitesLocally(TestNG.java:1137)
	at org.testng.TestNG.runSuites(TestNG.java:1049)
	at org.testng.TestNG.run(TestNG.java:1017)
	at org.testng.remote.AbstractRemoteTestNG.run(AbstractRemoteTestNG.java:115)
	at org.testng.remote.RemoteTestNG.initAndRun(RemoteTestNG.java:251)
	at org.testng.remote.RemoteTestNG.main(RemoteTestNG.java:77)
</pre></div></td>
<td>0</td>
<td>com.ecommerce.redlion.test.Reservations@45375bdf</td></tr>
</table><p>
<table width='100%' border='1' class='invocation-passed'>
<tr><td colspan='4' align='center'><b>PASSED TESTS</b></td></tr>
<tr><td><b>Test method</b></td>
<td width="30%"><b>Exception</b></td>
<td width="10%"><b>Time (seconds)</b></td>
<td><b>Instance</b></td>
</tr>
<tr>
<td title='com.ecommerce.redlion.test.Reservations.existingUserHotelBookingMultipleRooms()'><b>existingUserHotelBookingMultipleRooms</b><br>Test class: com.ecommerce.redlion.test.Reservations</td>
<td></td>
<td>517</td>
<td>com.ecommerce.redlion.test.Reservations@45375bdf</td></tr>
<tr>
<td title='com.ecommerce.redlion.test.Reservations.existingUserHotelBookingWithHelloBucks()'><b>existingUserHotelBookingWithHelloBucks</b><br>Test class: com.ecommerce.redlion.test.Reservations</td>
<td></td>
<td>351</td>
<td>com.ecommerce.redlion.test.Reservations@45375bdf</td></tr>
<tr>
<td title='com.ecommerce.redlion.test.Reservations.existingUserHotelBookingWithOutHelloBucks()'><b>existingUserHotelBookingWithOutHelloBucks</b><br>Test class: com.ecommerce.redlion.test.Reservations</td>
<td></td>
<td>223</td>
<td>com.ecommerce.redlion.test.Reservations@45375bdf</td></tr>
<tr>
<td title='com.ecommerce.redlion.test.Reservations.guestUserHotelBookingFromPinTopWith1Room1Guest1Night()'><b>guestUserHotelBookingFromPinTopWith1Room1Guest1Night</b><br>Test class: com.ecommerce.redlion.test.Reservations</td>
<td></td>
<td>230</td>
<td>com.ecommerce.redlion.test.Reservations@45375bdf</td></tr>
<tr>
<td title='com.ecommerce.redlion.test.Reservations.guestUserHotelBookingWith1Room1Guest1Night()'><b>guestUserHotelBookingWith1Room1Guest1Night</b><br>Test class: com.ecommerce.redlion.test.Reservations</td>
<td></td>
<td>199</td>
<td>com.ecommerce.redlion.test.Reservations@45375bdf</td></tr>
<tr>
<td title='com.ecommerce.redlion.test.Reservations.guestUserHotelBookingWithMembership()'><b>guestUserHotelBookingWithMembership</b><br>Test class: com.ecommerce.redlion.test.Reservations</td>
<td></td>
<td>350</td>
<td>com.ecommerce.redlion.test.Reservations@45375bdf</td></tr>
<tr>
<td title='com.ecommerce.redlion.test.Reservations.guestUserHotelBookingWithPromocode()'><b>guestUserHotelBookingWithPromocode</b><br>Test class: com.ecommerce.redlion.test.Reservations</td>
<td></td>
<td>279</td>
<td>com.ecommerce.redlion.test.Reservations@45375bdf</td></tr>
<tr>
<td title='com.ecommerce.redlion.test.Reservations.reservationStatus()'><b>reservationStatus</b><br>Test class: com.ecommerce.redlion.test.Reservations</td>
<td></td>
<td>142</td>
<td>com.ecommerce.redlion.test.Reservations@45375bdf</td></tr>
</table><p>
</body>
</html>