<?xml version="1.0" encoding="UTF-8"?>
<!-- Generated by org.testng.reporters.JUnitXMLReporter -->
<testsuite hostname="MSURI-L-1576" ignored="0" name="RewardsProfilePageTest" tests="9" failures="7" timestamp="11 Mar 2020 10:28:07 GMT" time="581.511" errors="0">
  <testcase name="validationOfProfilePageDetails" time="32.078" classname="com.ecommerce.redlion.test.ProfilePageTests"/>
  <testcase name="validationOfProfilePage_UpdatingUserDetails" time="56.149" classname="com.ecommerce.redlion.test.ProfilePageTests"/>
  <testcase name="validationOfProfilePage_AccountSettings_ManagePaymentMethods" time="174.119" classname="com.ecommerce.redlion.test.ProfilePageTests">
    <failure type="java.lang.IllegalArgumentException" message="Width (0) and height (0) must be &amp;gt; 0">
      <![CDATA[java.lang.IllegalArgumentException: Width (0) and height (0) must be > 0
at java.awt.image.SampleModel.<init>(SampleModel.java:126)
at java.awt.image.ComponentSampleModel.<init>(ComponentSampleModel.java:146)
at java.awt.image.PixelInterleavedSampleModel.<init>(PixelInterleavedSampleModel.java:87)
at java.awt.image.Raster.createInterleavedRaster(Raster.java:641)
at java.awt.image.Raster.createInterleavedRaster(Raster.java:278)
at java.awt.image.BufferedImage.<init>(BufferedImage.java:376)
at ru.yandex.qatools.ashot.shooting.ViewportPastingDecorator.getScreenshot(ViewportPastingDecorator.java:46)
at ru.yandex.qatools.ashot.shooting.ViewportPastingDecorator.getScreenshot(ViewportPastingDecorator.java:35)
at ru.yandex.qatools.ashot.AShot.takeScreenshot(AShot.java:143)
at com.ecommerce.redlion.helpers.BaseLibrary.takeScreenShotError(BaseLibrary.java:140)
at com.ecommerce.redlion.test.ProfilePageTests.validationOfProfilePage_AccountSettings_ManagePaymentMethods(ProfilePageTests.java:72)
at java.util.concurrent.FutureTask.run(FutureTask.java:266)
at java.util.concurrent.ThreadPoolExecutor.runWorker(ThreadPoolExecutor.java:1149)
at java.util.concurrent.ThreadPoolExecutor$Worker.run(ThreadPoolExecutor.java:624)
at java.lang.Thread.run(Thread.java:748)
... Removed 16 stack frames]]>
    </failure>
  </testcase> <!-- validationOfProfilePage_AccountSettings_ManagePaymentMethods -->
  <testcase name="validationOfCreditCardAddition_InvalidData" time="52.121" classname="com.ecommerce.redlion.test.ProfilePageTests">
    <failure type="java.lang.IllegalArgumentException" message="Width (0) and height (0) must be &amp;gt; 0">
      <![CDATA[java.lang.IllegalArgumentException: Width (0) and height (0) must be > 0
at java.awt.image.SampleModel.<init>(SampleModel.java:126)
at java.awt.image.ComponentSampleModel.<init>(ComponentSampleModel.java:146)
at java.awt.image.PixelInterleavedSampleModel.<init>(PixelInterleavedSampleModel.java:87)
at java.awt.image.Raster.createInterleavedRaster(Raster.java:641)
at java.awt.image.Raster.createInterleavedRaster(Raster.java:278)
at java.awt.image.BufferedImage.<init>(BufferedImage.java:376)
at ru.yandex.qatools.ashot.shooting.ViewportPastingDecorator.getScreenshot(ViewportPastingDecorator.java:46)
at ru.yandex.qatools.ashot.shooting.ViewportPastingDecorator.getScreenshot(ViewportPastingDecorator.java:35)
at ru.yandex.qatools.ashot.AShot.takeScreenshot(AShot.java:143)
at com.ecommerce.redlion.helpers.BaseLibrary.takeScreenShotError(BaseLibrary.java:140)
at com.ecommerce.redlion.test.ProfilePageTests.validationOfCreditCardAddition_InvalidData(ProfilePageTests.java:95)
at java.util.concurrent.FutureTask.run(FutureTask.java:266)
at java.util.concurrent.ThreadPoolExecutor.runWorker(ThreadPoolExecutor.java:1149)
at java.util.concurrent.ThreadPoolExecutor$Worker.run(ThreadPoolExecutor.java:624)
at java.lang.Thread.run(Thread.java:748)
... Removed 16 stack frames]]>
    </failure>
  </testcase> <!-- validationOfCreditCardAddition_InvalidData -->
  <testcase name="validationOfCreditCardAddition_ValidData" time="51.944" classname="com.ecommerce.redlion.test.ProfilePageTests">
    <failure type="java.lang.IllegalArgumentException" message="Width (0) and height (0) must be &amp;gt; 0">
      <![CDATA[java.lang.IllegalArgumentException: Width (0) and height (0) must be > 0
at java.awt.image.SampleModel.<init>(SampleModel.java:126)
at java.awt.image.ComponentSampleModel.<init>(ComponentSampleModel.java:146)
at java.awt.image.PixelInterleavedSampleModel.<init>(PixelInterleavedSampleModel.java:87)
at java.awt.image.Raster.createInterleavedRaster(Raster.java:641)
at java.awt.image.Raster.createInterleavedRaster(Raster.java:278)
at java.awt.image.BufferedImage.<init>(BufferedImage.java:376)
at ru.yandex.qatools.ashot.shooting.ViewportPastingDecorator.getScreenshot(ViewportPastingDecorator.java:46)
at ru.yandex.qatools.ashot.shooting.ViewportPastingDecorator.getScreenshot(ViewportPastingDecorator.java:35)
at ru.yandex.qatools.ashot.AShot.takeScreenshot(AShot.java:143)
at com.ecommerce.redlion.helpers.BaseLibrary.takeScreenShotError(BaseLibrary.java:140)
at com.ecommerce.redlion.test.ProfilePageTests.validationOfCreditCardAddition_ValidData(ProfilePageTests.java:120)
at java.util.concurrent.FutureTask.run(FutureTask.java:266)
at java.util.concurrent.ThreadPoolExecutor.runWorker(ThreadPoolExecutor.java:1149)
at java.util.concurrent.ThreadPoolExecutor$Worker.run(ThreadPoolExecutor.java:624)
at java.lang.Thread.run(Thread.java:748)
... Removed 16 stack frames]]>
    </failure>
  </testcase> <!-- validationOfCreditCardAddition_ValidData -->
  <testcase name="validationOfMasterPass" time="51.976" classname="com.ecommerce.redlion.test.ProfilePageTests">
    <failure type="java.lang.IllegalArgumentException" message="Width (0) and height (0) must be &amp;gt; 0">
      <![CDATA[java.lang.IllegalArgumentException: Width (0) and height (0) must be > 0
at java.awt.image.SampleModel.<init>(SampleModel.java:126)
at java.awt.image.ComponentSampleModel.<init>(ComponentSampleModel.java:146)
at java.awt.image.PixelInterleavedSampleModel.<init>(PixelInterleavedSampleModel.java:87)
at java.awt.image.Raster.createInterleavedRaster(Raster.java:641)
at java.awt.image.Raster.createInterleavedRaster(Raster.java:278)
at java.awt.image.BufferedImage.<init>(BufferedImage.java:376)
at ru.yandex.qatools.ashot.shooting.ViewportPastingDecorator.getScreenshot(ViewportPastingDecorator.java:46)
at ru.yandex.qatools.ashot.shooting.ViewportPastingDecorator.getScreenshot(ViewportPastingDecorator.java:35)
at ru.yandex.qatools.ashot.AShot.takeScreenshot(AShot.java:143)
at com.ecommerce.redlion.helpers.BaseLibrary.takeScreenShotError(BaseLibrary.java:140)
at com.ecommerce.redlion.test.ProfilePageTests.validationOfMasterPass(ProfilePageTests.java:144)
at java.util.concurrent.FutureTask.run(FutureTask.java:266)
at java.util.concurrent.ThreadPoolExecutor.runWorker(ThreadPoolExecutor.java:1149)
at java.util.concurrent.ThreadPoolExecutor$Worker.run(ThreadPoolExecutor.java:624)
at java.lang.Thread.run(Thread.java:748)
... Removed 16 stack frames]]>
    </failure>
  </testcase> <!-- validationOfMasterPass -->
  <testcase name="validationOfAdditionOfCreditCard_ManagePaymentPopUp" time="51.977" classname="com.ecommerce.redlion.test.ProfilePageTests">
    <failure type="java.lang.IllegalArgumentException" message="Width (0) and height (0) must be &amp;gt; 0">
      <![CDATA[java.lang.IllegalArgumentException: Width (0) and height (0) must be > 0
at java.awt.image.SampleModel.<init>(SampleModel.java:126)
at java.awt.image.ComponentSampleModel.<init>(ComponentSampleModel.java:146)
at java.awt.image.PixelInterleavedSampleModel.<init>(PixelInterleavedSampleModel.java:87)
at java.awt.image.Raster.createInterleavedRaster(Raster.java:641)
at java.awt.image.Raster.createInterleavedRaster(Raster.java:278)
at java.awt.image.BufferedImage.<init>(BufferedImage.java:376)
at ru.yandex.qatools.ashot.shooting.ViewportPastingDecorator.getScreenshot(ViewportPastingDecorator.java:46)
at ru.yandex.qatools.ashot.shooting.ViewportPastingDecorator.getScreenshot(ViewportPastingDecorator.java:35)
at ru.yandex.qatools.ashot.AShot.takeScreenshot(AShot.java:143)
at com.ecommerce.redlion.helpers.BaseLibrary.takeScreenShotError(BaseLibrary.java:140)
at com.ecommerce.redlion.test.ProfilePageTests.validationOfAdditionOfCreditCard_ManagePaymentPopUp(ProfilePageTests.java:168)
at java.util.concurrent.FutureTask.run(FutureTask.java:266)
at java.util.concurrent.ThreadPoolExecutor.runWorker(ThreadPoolExecutor.java:1149)
at java.util.concurrent.ThreadPoolExecutor$Worker.run(ThreadPoolExecutor.java:624)
at java.lang.Thread.run(Thread.java:748)
... Removed 16 stack frames]]>
    </failure>
  </testcase> <!-- validationOfAdditionOfCreditCard_ManagePaymentPopUp -->
  <testcase name="validationOfDeletionOfCreditCard_ManagePaymentPopUp" time="52.031" classname="com.ecommerce.redlion.test.ProfilePageTests">
    <failure type="java.lang.IllegalArgumentException" message="Width (0) and height (0) must be &amp;gt; 0">
      <![CDATA[java.lang.IllegalArgumentException: Width (0) and height (0) must be > 0
at java.awt.image.SampleModel.<init>(SampleModel.java:126)
at java.awt.image.ComponentSampleModel.<init>(ComponentSampleModel.java:146)
at java.awt.image.PixelInterleavedSampleModel.<init>(PixelInterleavedSampleModel.java:87)
at java.awt.image.Raster.createInterleavedRaster(Raster.java:641)
at java.awt.image.Raster.createInterleavedRaster(Raster.java:278)
at java.awt.image.BufferedImage.<init>(BufferedImage.java:376)
at ru.yandex.qatools.ashot.shooting.ViewportPastingDecorator.getScreenshot(ViewportPastingDecorator.java:46)
at ru.yandex.qatools.ashot.shooting.ViewportPastingDecorator.getScreenshot(ViewportPastingDecorator.java:35)
at ru.yandex.qatools.ashot.AShot.takeScreenshot(AShot.java:143)
at com.ecommerce.redlion.helpers.BaseLibrary.takeScreenShotError(BaseLibrary.java:140)
at com.ecommerce.redlion.test.ProfilePageTests.validationOfDeletionOfCreditCard_ManagePaymentPopUp(ProfilePageTests.java:192)
at java.util.concurrent.FutureTask.run(FutureTask.java:266)
at java.util.concurrent.ThreadPoolExecutor.runWorker(ThreadPoolExecutor.java:1149)
at java.util.concurrent.ThreadPoolExecutor$Worker.run(ThreadPoolExecutor.java:624)
at java.lang.Thread.run(Thread.java:748)
... Removed 16 stack frames]]>
    </failure>
  </testcase> <!-- validationOfDeletionOfCreditCard_ManagePaymentPopUp -->
  <testcase name="validationOfProfilePage_UpdatingCommunicationPreferences" time="51.994" classname="com.ecommerce.redlion.test.ProfilePageTests">
    <failure type="java.lang.IllegalArgumentException" message="Width (0) and height (0) must be &amp;gt; 0">
      <![CDATA[java.lang.IllegalArgumentException: Width (0) and height (0) must be > 0
at java.awt.image.SampleModel.<init>(SampleModel.java:126)
at java.awt.image.ComponentSampleModel.<init>(ComponentSampleModel.java:146)
at java.awt.image.PixelInterleavedSampleModel.<init>(PixelInterleavedSampleModel.java:87)
at java.awt.image.Raster.createInterleavedRaster(Raster.java:641)
at java.awt.image.Raster.createInterleavedRaster(Raster.java:278)
at java.awt.image.BufferedImage.<init>(BufferedImage.java:376)
at ru.yandex.qatools.ashot.shooting.ViewportPastingDecorator.getScreenshot(ViewportPastingDecorator.java:46)
at ru.yandex.qatools.ashot.shooting.ViewportPastingDecorator.getScreenshot(ViewportPastingDecorator.java:35)
at ru.yandex.qatools.ashot.AShot.takeScreenshot(AShot.java:143)
at com.ecommerce.redlion.helpers.BaseLibrary.takeScreenShotError(BaseLibrary.java:140)
at com.ecommerce.redlion.test.ProfilePageTests.validationOfProfilePage_UpdatingCommunicationPreferences(ProfilePageTests.java:217)
at java.util.concurrent.FutureTask.run(FutureTask.java:266)
at java.util.concurrent.ThreadPoolExecutor.runWorker(ThreadPoolExecutor.java:1149)
at java.util.concurrent.ThreadPoolExecutor$Worker.run(ThreadPoolExecutor.java:624)
at java.lang.Thread.run(Thread.java:748)
... Removed 16 stack frames]]>
    </failure>
  </testcase> <!-- validationOfProfilePage_UpdatingCommunicationPreferences -->
</testsuite> <!-- RewardsProfilePageTest -->
