<html>
<head>
<title>TestNG:  RewardsProfilePageTest</title>
<link href="../testng.css" rel="stylesheet" type="text/css" />
<link href="../my-testng.css" rel="stylesheet" type="text/css" />

<style type="text/css">
.log { display: none;} 
.stack-trace { display: none;} 
</style>
<script type="text/javascript">
<!--
function flip(e) {
  current = e.style.display;
  if (current == 'block') {
    e.style.display = 'none';
    return 0;
  }
  else {
    e.style.display = 'block';
    return 1;
  }
}

function toggleBox(szDivId, elem, msg1, msg2)
{
  var res = -1;  if (document.getElementById) {
    res = flip(document.getElementById(szDivId));
  }
  else if (document.all) {
    // this is the way old msie versions work
    res = flip(document.all[szDivId]);
  }
  if(elem) {
    if(res == 0) elem.innerHTML = msg1; else elem.innerHTML = msg2;
  }

}

function toggleAllBoxes() {
  if (document.getElementsByTagName) {
    d = document.getElementsByTagName('div');
    for (i = 0; i < d.length; i++) {
      if (d[i].className == 'log') {
        flip(d[i]);
      }
    }
  }
}

// -->
</script>

</head>
<body>
<h2 align='center'>RewardsProfilePageTest</h2><table border='1' align="center">
<tr>
<td>Tests passed/Failed/Skipped:</td><td>2/7/0</td>
</tr><tr>
<td>Started on:</td><td>Wed Mar 11 15:48:26 IST 2020</td>
</tr>
<tr><td>Total time:</td><td>581 seconds (581511 ms)</td>
</tr><tr>
<td>Included groups:</td><td></td>
</tr><tr>
<td>Excluded groups:</td><td></td>
</tr>
</table><p/>
<small><i>(Hover the method name to see the test class name)</i></small><p/>
<table width='100%' border='1' class='invocation-failed'>
<tr><td colspan='4' align='center'><b>FAILED TESTS</b></td></tr>
<tr><td><b>Test method</b></td>
<td width="30%"><b>Exception</b></td>
<td width="10%"><b>Time (seconds)</b></td>
<td><b>Instance</b></td>
</tr>
<tr>
<td title='com.ecommerce.redlion.test.ProfilePageTests.validationOfAdditionOfCreditCard_ManagePaymentPopUp()'><b>validationOfAdditionOfCreditCard_ManagePaymentPopUp</b><br>Test class: com.ecommerce.redlion.test.ProfilePageTests</td>
<td><div><pre>java.lang.IllegalArgumentException: Width (0) and height (0) must be &gt; 0
	at java.awt.image.SampleModel.&lt;init&gt;(SampleModel.java:126)
	at java.awt.image.ComponentSampleModel.&lt;init&gt;(ComponentSampleModel.java:146)
	at java.awt.image.PixelInterleavedSampleModel.&lt;init&gt;(PixelInterleavedSampleModel.java:87)
	at java.awt.image.Raster.createInterleavedRaster(Raster.java:641)
	at java.awt.image.Raster.createInterleavedRaster(Raster.java:278)
	at java.awt.image.BufferedImage.&lt;init&gt;(BufferedImage.java:376)
	at ru.yandex.qatools.ashot.shooting.ViewportPastingDecorator.getScreenshot(ViewportPastingDecorator.java:46)
	at ru.yandex.qatools.ashot.shooting.ViewportPastingDecorator.getScreenshot(ViewportPastingDecorator.java:35)
	at ru.yandex.qatools.ashot.AShot.takeScreenshot(AShot.java:143)
	at com.ecommerce.redlion.helpers.BaseLibrary.takeScreenShotError(BaseLibrary.java:140)
	at com.ecommerce.redlion.test.ProfilePageTests.validationOfAdditionOfCreditCard_ManagePaymentPopUp(ProfilePageTests.java:168)
	at java.util.concurrent.FutureTask.run(FutureTask.java:266)
	at java.util.concurrent.ThreadPoolExecutor.runWorker(ThreadPoolExecutor.java:1149)
	at java.util.concurrent.ThreadPoolExecutor$Worker.run(ThreadPoolExecutor.java:624)
	at java.lang.Thread.run(Thread.java:748)
... Removed 16 stack frames</pre></div><a href='#' onClick='toggleBox("stack-trace238928696", this, "Click to show all stack frames", "Click to hide stack frames")'>Click to show all stack frames</a>
<div class='stack-trace' id='stack-trace238928696'><pre>java.lang.IllegalArgumentException: Width (0) and height (0) must be &gt; 0
	at java.awt.image.SampleModel.&lt;init&gt;(SampleModel.java:126)
	at java.awt.image.ComponentSampleModel.&lt;init&gt;(ComponentSampleModel.java:146)
	at java.awt.image.PixelInterleavedSampleModel.&lt;init&gt;(PixelInterleavedSampleModel.java:87)
	at java.awt.image.Raster.createInterleavedRaster(Raster.java:641)
	at java.awt.image.Raster.createInterleavedRaster(Raster.java:278)
	at java.awt.image.BufferedImage.&lt;init&gt;(BufferedImage.java:376)
	at ru.yandex.qatools.ashot.shooting.ViewportPastingDecorator.getScreenshot(ViewportPastingDecorator.java:46)
	at ru.yandex.qatools.ashot.shooting.ViewportPastingDecorator.getScreenshot(ViewportPastingDecorator.java:35)
	at ru.yandex.qatools.ashot.AShot.takeScreenshot(AShot.java:143)
	at com.ecommerce.redlion.helpers.BaseLibrary.takeScreenShotError(BaseLibrary.java:140)
	at com.ecommerce.redlion.test.ProfilePageTests.validationOfAdditionOfCreditCard_ManagePaymentPopUp(ProfilePageTests.java:168)
	at sun.reflect.NativeMethodAccessorImpl.invoke0(Native Method)
	at sun.reflect.NativeMethodAccessorImpl.invoke(NativeMethodAccessorImpl.java:62)
	at sun.reflect.DelegatingMethodAccessorImpl.invoke(DelegatingMethodAccessorImpl.java:43)
	at java.lang.reflect.Method.invoke(Method.java:498)
	at org.testng.internal.MethodInvocationHelper.invokeMethod(MethodInvocationHelper.java:124)
	at org.testng.internal.Invoker.invokeMethod(Invoker.java:583)
	at org.testng.internal.Invoker.invokeTestMethod(Invoker.java:719)
	at org.testng.internal.Invoker.invokeTestMethods(Invoker.java:989)
	at org.testng.internal.TestMethodWorker.invokeTestMethods(TestMethodWorker.java:125)
	at org.testng.internal.TestMethodWorker.run(TestMethodWorker.java:109)
	at org.testng.TestRunner.privateRun(TestRunner.java:648)
	at org.testng.TestRunner.run(TestRunner.java:505)
	at org.testng.SuiteRunner.runTest(SuiteRunner.java:455)
	at org.testng.SuiteRunner.access$000(SuiteRunner.java:40)
	at org.testng.SuiteRunner$SuiteWorker.run(SuiteRunner.java:489)
	at org.testng.internal.thread.ThreadUtil$1.call(ThreadUtil.java:52)
	at java.util.concurrent.FutureTask.run(FutureTask.java:266)
	at java.util.concurrent.ThreadPoolExecutor.runWorker(ThreadPoolExecutor.java:1149)
	at java.util.concurrent.ThreadPoolExecutor$Worker.run(ThreadPoolExecutor.java:624)
	at java.lang.Thread.run(Thread.java:748)
</pre></div></td>
<td>51</td>
<td>com.ecommerce.redlion.test.ProfilePageTests@6d7453ad</td></tr>
<tr>
<td title='com.ecommerce.redlion.test.ProfilePageTests.validationOfCreditCardAddition_InvalidData()'><b>validationOfCreditCardAddition_InvalidData</b><br>Test class: com.ecommerce.redlion.test.ProfilePageTests</td>
<td><div><pre>java.lang.IllegalArgumentException: Width (0) and height (0) must be &gt; 0
	at java.awt.image.SampleModel.&lt;init&gt;(SampleModel.java:126)
	at java.awt.image.ComponentSampleModel.&lt;init&gt;(ComponentSampleModel.java:146)
	at java.awt.image.PixelInterleavedSampleModel.&lt;init&gt;(PixelInterleavedSampleModel.java:87)
	at java.awt.image.Raster.createInterleavedRaster(Raster.java:641)
	at java.awt.image.Raster.createInterleavedRaster(Raster.java:278)
	at java.awt.image.BufferedImage.&lt;init&gt;(BufferedImage.java:376)
	at ru.yandex.qatools.ashot.shooting.ViewportPastingDecorator.getScreenshot(ViewportPastingDecorator.java:46)
	at ru.yandex.qatools.ashot.shooting.ViewportPastingDecorator.getScreenshot(ViewportPastingDecorator.java:35)
	at ru.yandex.qatools.ashot.AShot.takeScreenshot(AShot.java:143)
	at com.ecommerce.redlion.helpers.BaseLibrary.takeScreenShotError(BaseLibrary.java:140)
	at com.ecommerce.redlion.test.ProfilePageTests.validationOfCreditCardAddition_InvalidData(ProfilePageTests.java:95)
	at java.util.concurrent.FutureTask.run(FutureTask.java:266)
	at java.util.concurrent.ThreadPoolExecutor.runWorker(ThreadPoolExecutor.java:1149)
	at java.util.concurrent.ThreadPoolExecutor$Worker.run(ThreadPoolExecutor.java:624)
	at java.lang.Thread.run(Thread.java:748)
... Removed 16 stack frames</pre></div><a href='#' onClick='toggleBox("stack-trace1021725517", this, "Click to show all stack frames", "Click to hide stack frames")'>Click to show all stack frames</a>
<div class='stack-trace' id='stack-trace1021725517'><pre>java.lang.IllegalArgumentException: Width (0) and height (0) must be &gt; 0
	at java.awt.image.SampleModel.&lt;init&gt;(SampleModel.java:126)
	at java.awt.image.ComponentSampleModel.&lt;init&gt;(ComponentSampleModel.java:146)
	at java.awt.image.PixelInterleavedSampleModel.&lt;init&gt;(PixelInterleavedSampleModel.java:87)
	at java.awt.image.Raster.createInterleavedRaster(Raster.java:641)
	at java.awt.image.Raster.createInterleavedRaster(Raster.java:278)
	at java.awt.image.BufferedImage.&lt;init&gt;(BufferedImage.java:376)
	at ru.yandex.qatools.ashot.shooting.ViewportPastingDecorator.getScreenshot(ViewportPastingDecorator.java:46)
	at ru.yandex.qatools.ashot.shooting.ViewportPastingDecorator.getScreenshot(ViewportPastingDecorator.java:35)
	at ru.yandex.qatools.ashot.AShot.takeScreenshot(AShot.java:143)
	at com.ecommerce.redlion.helpers.BaseLibrary.takeScreenShotError(BaseLibrary.java:140)
	at com.ecommerce.redlion.test.ProfilePageTests.validationOfCreditCardAddition_InvalidData(ProfilePageTests.java:95)
	at sun.reflect.NativeMethodAccessorImpl.invoke0(Native Method)
	at sun.reflect.NativeMethodAccessorImpl.invoke(NativeMethodAccessorImpl.java:62)
	at sun.reflect.DelegatingMethodAccessorImpl.invoke(DelegatingMethodAccessorImpl.java:43)
	at java.lang.reflect.Method.invoke(Method.java:498)
	at org.testng.internal.MethodInvocationHelper.invokeMethod(MethodInvocationHelper.java:124)
	at org.testng.internal.Invoker.invokeMethod(Invoker.java:583)
	at org.testng.internal.Invoker.invokeTestMethod(Invoker.java:719)
	at org.testng.internal.Invoker.invokeTestMethods(Invoker.java:989)
	at org.testng.internal.TestMethodWorker.invokeTestMethods(TestMethodWorker.java:125)
	at org.testng.internal.TestMethodWorker.run(TestMethodWorker.java:109)
	at org.testng.TestRunner.privateRun(TestRunner.java:648)
	at org.testng.TestRunner.run(TestRunner.java:505)
	at org.testng.SuiteRunner.runTest(SuiteRunner.java:455)
	at org.testng.SuiteRunner.access$000(SuiteRunner.java:40)
	at org.testng.SuiteRunner$SuiteWorker.run(SuiteRunner.java:489)
	at org.testng.internal.thread.ThreadUtil$1.call(ThreadUtil.java:52)
	at java.util.concurrent.FutureTask.run(FutureTask.java:266)
	at java.util.concurrent.ThreadPoolExecutor.runWorker(ThreadPoolExecutor.java:1149)
	at java.util.concurrent.ThreadPoolExecutor$Worker.run(ThreadPoolExecutor.java:624)
	at java.lang.Thread.run(Thread.java:748)
</pre></div></td>
<td>52</td>
<td>com.ecommerce.redlion.test.ProfilePageTests@6d7453ad</td></tr>
<tr>
<td title='com.ecommerce.redlion.test.ProfilePageTests.validationOfCreditCardAddition_ValidData()'><b>validationOfCreditCardAddition_ValidData</b><br>Test class: com.ecommerce.redlion.test.ProfilePageTests</td>
<td><div><pre>java.lang.IllegalArgumentException: Width (0) and height (0) must be &gt; 0
	at java.awt.image.SampleModel.&lt;init&gt;(SampleModel.java:126)
	at java.awt.image.ComponentSampleModel.&lt;init&gt;(ComponentSampleModel.java:146)
	at java.awt.image.PixelInterleavedSampleModel.&lt;init&gt;(PixelInterleavedSampleModel.java:87)
	at java.awt.image.Raster.createInterleavedRaster(Raster.java:641)
	at java.awt.image.Raster.createInterleavedRaster(Raster.java:278)
	at java.awt.image.BufferedImage.&lt;init&gt;(BufferedImage.java:376)
	at ru.yandex.qatools.ashot.shooting.ViewportPastingDecorator.getScreenshot(ViewportPastingDecorator.java:46)
	at ru.yandex.qatools.ashot.shooting.ViewportPastingDecorator.getScreenshot(ViewportPastingDecorator.java:35)
	at ru.yandex.qatools.ashot.AShot.takeScreenshot(AShot.java:143)
	at com.ecommerce.redlion.helpers.BaseLibrary.takeScreenShotError(BaseLibrary.java:140)
	at com.ecommerce.redlion.test.ProfilePageTests.validationOfCreditCardAddition_ValidData(ProfilePageTests.java:120)
	at java.util.concurrent.FutureTask.run(FutureTask.java:266)
	at java.util.concurrent.ThreadPoolExecutor.runWorker(ThreadPoolExecutor.java:1149)
	at java.util.concurrent.ThreadPoolExecutor$Worker.run(ThreadPoolExecutor.java:624)
	at java.lang.Thread.run(Thread.java:748)
... Removed 16 stack frames</pre></div><a href='#' onClick='toggleBox("stack-trace2093519952", this, "Click to show all stack frames", "Click to hide stack frames")'>Click to show all stack frames</a>
<div class='stack-trace' id='stack-trace2093519952'><pre>java.lang.IllegalArgumentException: Width (0) and height (0) must be &gt; 0
	at java.awt.image.SampleModel.&lt;init&gt;(SampleModel.java:126)
	at java.awt.image.ComponentSampleModel.&lt;init&gt;(ComponentSampleModel.java:146)
	at java.awt.image.PixelInterleavedSampleModel.&lt;init&gt;(PixelInterleavedSampleModel.java:87)
	at java.awt.image.Raster.createInterleavedRaster(Raster.java:641)
	at java.awt.image.Raster.createInterleavedRaster(Raster.java:278)
	at java.awt.image.BufferedImage.&lt;init&gt;(BufferedImage.java:376)
	at ru.yandex.qatools.ashot.shooting.ViewportPastingDecorator.getScreenshot(ViewportPastingDecorator.java:46)
	at ru.yandex.qatools.ashot.shooting.ViewportPastingDecorator.getScreenshot(ViewportPastingDecorator.java:35)
	at ru.yandex.qatools.ashot.AShot.takeScreenshot(AShot.java:143)
	at com.ecommerce.redlion.helpers.BaseLibrary.takeScreenShotError(BaseLibrary.java:140)
	at com.ecommerce.redlion.test.ProfilePageTests.validationOfCreditCardAddition_ValidData(ProfilePageTests.java:120)
	at sun.reflect.NativeMethodAccessorImpl.invoke0(Native Method)
	at sun.reflect.NativeMethodAccessorImpl.invoke(NativeMethodAccessorImpl.java:62)
	at sun.reflect.DelegatingMethodAccessorImpl.invoke(DelegatingMethodAccessorImpl.java:43)
	at java.lang.reflect.Method.invoke(Method.java:498)
	at org.testng.internal.MethodInvocationHelper.invokeMethod(MethodInvocationHelper.java:124)
	at org.testng.internal.Invoker.invokeMethod(Invoker.java:583)
	at org.testng.internal.Invoker.invokeTestMethod(Invoker.java:719)
	at org.testng.internal.Invoker.invokeTestMethods(Invoker.java:989)
	at org.testng.internal.TestMethodWorker.invokeTestMethods(TestMethodWorker.java:125)
	at org.testng.internal.TestMethodWorker.run(TestMethodWorker.java:109)
	at org.testng.TestRunner.privateRun(TestRunner.java:648)
	at org.testng.TestRunner.run(TestRunner.java:505)
	at org.testng.SuiteRunner.runTest(SuiteRunner.java:455)
	at org.testng.SuiteRunner.access$000(SuiteRunner.java:40)
	at org.testng.SuiteRunner$SuiteWorker.run(SuiteRunner.java:489)
	at org.testng.internal.thread.ThreadUtil$1.call(ThreadUtil.java:52)
	at java.util.concurrent.FutureTask.run(FutureTask.java:266)
	at java.util.concurrent.ThreadPoolExecutor.runWorker(ThreadPoolExecutor.java:1149)
	at java.util.concurrent.ThreadPoolExecutor$Worker.run(ThreadPoolExecutor.java:624)
	at java.lang.Thread.run(Thread.java:748)
</pre></div></td>
<td>51</td>
<td>com.ecommerce.redlion.test.ProfilePageTests@6d7453ad</td></tr>
<tr>
<td title='com.ecommerce.redlion.test.ProfilePageTests.validationOfDeletionOfCreditCard_ManagePaymentPopUp()'><b>validationOfDeletionOfCreditCard_ManagePaymentPopUp</b><br>Test class: com.ecommerce.redlion.test.ProfilePageTests</td>
<td><div><pre>java.lang.IllegalArgumentException: Width (0) and height (0) must be &gt; 0
	at java.awt.image.SampleModel.&lt;init&gt;(SampleModel.java:126)
	at java.awt.image.ComponentSampleModel.&lt;init&gt;(ComponentSampleModel.java:146)
	at java.awt.image.PixelInterleavedSampleModel.&lt;init&gt;(PixelInterleavedSampleModel.java:87)
	at java.awt.image.Raster.createInterleavedRaster(Raster.java:641)
	at java.awt.image.Raster.createInterleavedRaster(Raster.java:278)
	at java.awt.image.BufferedImage.&lt;init&gt;(BufferedImage.java:376)
	at ru.yandex.qatools.ashot.shooting.ViewportPastingDecorator.getScreenshot(ViewportPastingDecorator.java:46)
	at ru.yandex.qatools.ashot.shooting.ViewportPastingDecorator.getScreenshot(ViewportPastingDecorator.java:35)
	at ru.yandex.qatools.ashot.AShot.takeScreenshot(AShot.java:143)
	at com.ecommerce.redlion.helpers.BaseLibrary.takeScreenShotError(BaseLibrary.java:140)
	at com.ecommerce.redlion.test.ProfilePageTests.validationOfDeletionOfCreditCard_ManagePaymentPopUp(ProfilePageTests.java:192)
	at java.util.concurrent.FutureTask.run(FutureTask.java:266)
	at java.util.concurrent.ThreadPoolExecutor.runWorker(ThreadPoolExecutor.java:1149)
	at java.util.concurrent.ThreadPoolExecutor$Worker.run(ThreadPoolExecutor.java:624)
	at java.lang.Thread.run(Thread.java:748)
... Removed 16 stack frames</pre></div><a href='#' onClick='toggleBox("stack-trace1331205537", this, "Click to show all stack frames", "Click to hide stack frames")'>Click to show all stack frames</a>
<div class='stack-trace' id='stack-trace1331205537'><pre>java.lang.IllegalArgumentException: Width (0) and height (0) must be &gt; 0
	at java.awt.image.SampleModel.&lt;init&gt;(SampleModel.java:126)
	at java.awt.image.ComponentSampleModel.&lt;init&gt;(ComponentSampleModel.java:146)
	at java.awt.image.PixelInterleavedSampleModel.&lt;init&gt;(PixelInterleavedSampleModel.java:87)
	at java.awt.image.Raster.createInterleavedRaster(Raster.java:641)
	at java.awt.image.Raster.createInterleavedRaster(Raster.java:278)
	at java.awt.image.BufferedImage.&lt;init&gt;(BufferedImage.java:376)
	at ru.yandex.qatools.ashot.shooting.ViewportPastingDecorator.getScreenshot(ViewportPastingDecorator.java:46)
	at ru.yandex.qatools.ashot.shooting.ViewportPastingDecorator.getScreenshot(ViewportPastingDecorator.java:35)
	at ru.yandex.qatools.ashot.AShot.takeScreenshot(AShot.java:143)
	at com.ecommerce.redlion.helpers.BaseLibrary.takeScreenShotError(BaseLibrary.java:140)
	at com.ecommerce.redlion.test.ProfilePageTests.validationOfDeletionOfCreditCard_ManagePaymentPopUp(ProfilePageTests.java:192)
	at sun.reflect.NativeMethodAccessorImpl.invoke0(Native Method)
	at sun.reflect.NativeMethodAccessorImpl.invoke(NativeMethodAccessorImpl.java:62)
	at sun.reflect.DelegatingMethodAccessorImpl.invoke(DelegatingMethodAccessorImpl.java:43)
	at java.lang.reflect.Method.invoke(Method.java:498)
	at org.testng.internal.MethodInvocationHelper.invokeMethod(MethodInvocationHelper.java:124)
	at org.testng.internal.Invoker.invokeMethod(Invoker.java:583)
	at org.testng.internal.Invoker.invokeTestMethod(Invoker.java:719)
	at org.testng.internal.Invoker.invokeTestMethods(Invoker.java:989)
	at org.testng.internal.TestMethodWorker.invokeTestMethods(TestMethodWorker.java:125)
	at org.testng.internal.TestMethodWorker.run(TestMethodWorker.java:109)
	at org.testng.TestRunner.privateRun(TestRunner.java:648)
	at org.testng.TestRunner.run(TestRunner.java:505)
	at org.testng.SuiteRunner.runTest(SuiteRunner.java:455)
	at org.testng.SuiteRunner.access$000(SuiteRunner.java:40)
	at org.testng.SuiteRunner$SuiteWorker.run(SuiteRunner.java:489)
	at org.testng.internal.thread.ThreadUtil$1.call(ThreadUtil.java:52)
	at java.util.concurrent.FutureTask.run(FutureTask.java:266)
	at java.util.concurrent.ThreadPoolExecutor.runWorker(ThreadPoolExecutor.java:1149)
	at java.util.concurrent.ThreadPoolExecutor$Worker.run(ThreadPoolExecutor.java:624)
	at java.lang.Thread.run(Thread.java:748)
</pre></div></td>
<td>52</td>
<td>com.ecommerce.redlion.test.ProfilePageTests@6d7453ad</td></tr>
<tr>
<td title='com.ecommerce.redlion.test.ProfilePageTests.validationOfMasterPass()'><b>validationOfMasterPass</b><br>Test class: com.ecommerce.redlion.test.ProfilePageTests</td>
<td><div><pre>java.lang.IllegalArgumentException: Width (0) and height (0) must be &gt; 0
	at java.awt.image.SampleModel.&lt;init&gt;(SampleModel.java:126)
	at java.awt.image.ComponentSampleModel.&lt;init&gt;(ComponentSampleModel.java:146)
	at java.awt.image.PixelInterleavedSampleModel.&lt;init&gt;(PixelInterleavedSampleModel.java:87)
	at java.awt.image.Raster.createInterleavedRaster(Raster.java:641)
	at java.awt.image.Raster.createInterleavedRaster(Raster.java:278)
	at java.awt.image.BufferedImage.&lt;init&gt;(BufferedImage.java:376)
	at ru.yandex.qatools.ashot.shooting.ViewportPastingDecorator.getScreenshot(ViewportPastingDecorator.java:46)
	at ru.yandex.qatools.ashot.shooting.ViewportPastingDecorator.getScreenshot(ViewportPastingDecorator.java:35)
	at ru.yandex.qatools.ashot.AShot.takeScreenshot(AShot.java:143)
	at com.ecommerce.redlion.helpers.BaseLibrary.takeScreenShotError(BaseLibrary.java:140)
	at com.ecommerce.redlion.test.ProfilePageTests.validationOfMasterPass(ProfilePageTests.java:144)
	at java.util.concurrent.FutureTask.run(FutureTask.java:266)
	at java.util.concurrent.ThreadPoolExecutor.runWorker(ThreadPoolExecutor.java:1149)
	at java.util.concurrent.ThreadPoolExecutor$Worker.run(ThreadPoolExecutor.java:624)
	at java.lang.Thread.run(Thread.java:748)
... Removed 16 stack frames</pre></div><a href='#' onClick='toggleBox("stack-trace1510581360", this, "Click to show all stack frames", "Click to hide stack frames")'>Click to show all stack frames</a>
<div class='stack-trace' id='stack-trace1510581360'><pre>java.lang.IllegalArgumentException: Width (0) and height (0) must be &gt; 0
	at java.awt.image.SampleModel.&lt;init&gt;(SampleModel.java:126)
	at java.awt.image.ComponentSampleModel.&lt;init&gt;(ComponentSampleModel.java:146)
	at java.awt.image.PixelInterleavedSampleModel.&lt;init&gt;(PixelInterleavedSampleModel.java:87)
	at java.awt.image.Raster.createInterleavedRaster(Raster.java:641)
	at java.awt.image.Raster.createInterleavedRaster(Raster.java:278)
	at java.awt.image.BufferedImage.&lt;init&gt;(BufferedImage.java:376)
	at ru.yandex.qatools.ashot.shooting.ViewportPastingDecorator.getScreenshot(ViewportPastingDecorator.java:46)
	at ru.yandex.qatools.ashot.shooting.ViewportPastingDecorator.getScreenshot(ViewportPastingDecorator.java:35)
	at ru.yandex.qatools.ashot.AShot.takeScreenshot(AShot.java:143)
	at com.ecommerce.redlion.helpers.BaseLibrary.takeScreenShotError(BaseLibrary.java:140)
	at com.ecommerce.redlion.test.ProfilePageTests.validationOfMasterPass(ProfilePageTests.java:144)
	at sun.reflect.NativeMethodAccessorImpl.invoke0(Native Method)
	at sun.reflect.NativeMethodAccessorImpl.invoke(NativeMethodAccessorImpl.java:62)
	at sun.reflect.DelegatingMethodAccessorImpl.invoke(DelegatingMethodAccessorImpl.java:43)
	at java.lang.reflect.Method.invoke(Method.java:498)
	at org.testng.internal.MethodInvocationHelper.invokeMethod(MethodInvocationHelper.java:124)
	at org.testng.internal.Invoker.invokeMethod(Invoker.java:583)
	at org.testng.internal.Invoker.invokeTestMethod(Invoker.java:719)
	at org.testng.internal.Invoker.invokeTestMethods(Invoker.java:989)
	at org.testng.internal.TestMethodWorker.invokeTestMethods(TestMethodWorker.java:125)
	at org.testng.internal.TestMethodWorker.run(TestMethodWorker.java:109)
	at org.testng.TestRunner.privateRun(TestRunner.java:648)
	at org.testng.TestRunner.run(TestRunner.java:505)
	at org.testng.SuiteRunner.runTest(SuiteRunner.java:455)
	at org.testng.SuiteRunner.access$000(SuiteRunner.java:40)
	at org.testng.SuiteRunner$SuiteWorker.run(SuiteRunner.java:489)
	at org.testng.internal.thread.ThreadUtil$1.call(ThreadUtil.java:52)
	at java.util.concurrent.FutureTask.run(FutureTask.java:266)
	at java.util.concurrent.ThreadPoolExecutor.runWorker(ThreadPoolExecutor.java:1149)
	at java.util.concurrent.ThreadPoolExecutor$Worker.run(ThreadPoolExecutor.java:624)
	at java.lang.Thread.run(Thread.java:748)
</pre></div></td>
<td>51</td>
<td>com.ecommerce.redlion.test.ProfilePageTests@6d7453ad</td></tr>
<tr>
<td title='com.ecommerce.redlion.test.ProfilePageTests.validationOfProfilePage_AccountSettings_ManagePaymentMethods()'><b>validationOfProfilePage_AccountSettings_ManagePaymentMethods</b><br>Test class: com.ecommerce.redlion.test.ProfilePageTests</td>
<td><div><pre>java.lang.IllegalArgumentException: Width (0) and height (0) must be &gt; 0
	at java.awt.image.SampleModel.&lt;init&gt;(SampleModel.java:126)
	at java.awt.image.ComponentSampleModel.&lt;init&gt;(ComponentSampleModel.java:146)
	at java.awt.image.PixelInterleavedSampleModel.&lt;init&gt;(PixelInterleavedSampleModel.java:87)
	at java.awt.image.Raster.createInterleavedRaster(Raster.java:641)
	at java.awt.image.Raster.createInterleavedRaster(Raster.java:278)
	at java.awt.image.BufferedImage.&lt;init&gt;(BufferedImage.java:376)
	at ru.yandex.qatools.ashot.shooting.ViewportPastingDecorator.getScreenshot(ViewportPastingDecorator.java:46)
	at ru.yandex.qatools.ashot.shooting.ViewportPastingDecorator.getScreenshot(ViewportPastingDecorator.java:35)
	at ru.yandex.qatools.ashot.AShot.takeScreenshot(AShot.java:143)
	at com.ecommerce.redlion.helpers.BaseLibrary.takeScreenShotError(BaseLibrary.java:140)
	at com.ecommerce.redlion.test.ProfilePageTests.validationOfProfilePage_AccountSettings_ManagePaymentMethods(ProfilePageTests.java:72)
	at java.util.concurrent.FutureTask.run(FutureTask.java:266)
	at java.util.concurrent.ThreadPoolExecutor.runWorker(ThreadPoolExecutor.java:1149)
	at java.util.concurrent.ThreadPoolExecutor$Worker.run(ThreadPoolExecutor.java:624)
	at java.lang.Thread.run(Thread.java:748)
... Removed 16 stack frames</pre></div><a href='#' onClick='toggleBox("stack-trace474802034", this, "Click to show all stack frames", "Click to hide stack frames")'>Click to show all stack frames</a>
<div class='stack-trace' id='stack-trace474802034'><pre>java.lang.IllegalArgumentException: Width (0) and height (0) must be &gt; 0
	at java.awt.image.SampleModel.&lt;init&gt;(SampleModel.java:126)
	at java.awt.image.ComponentSampleModel.&lt;init&gt;(ComponentSampleModel.java:146)
	at java.awt.image.PixelInterleavedSampleModel.&lt;init&gt;(PixelInterleavedSampleModel.java:87)
	at java.awt.image.Raster.createInterleavedRaster(Raster.java:641)
	at java.awt.image.Raster.createInterleavedRaster(Raster.java:278)
	at java.awt.image.BufferedImage.&lt;init&gt;(BufferedImage.java:376)
	at ru.yandex.qatools.ashot.shooting.ViewportPastingDecorator.getScreenshot(ViewportPastingDecorator.java:46)
	at ru.yandex.qatools.ashot.shooting.ViewportPastingDecorator.getScreenshot(ViewportPastingDecorator.java:35)
	at ru.yandex.qatools.ashot.AShot.takeScreenshot(AShot.java:143)
	at com.ecommerce.redlion.helpers.BaseLibrary.takeScreenShotError(BaseLibrary.java:140)
	at com.ecommerce.redlion.test.ProfilePageTests.validationOfProfilePage_AccountSettings_ManagePaymentMethods(ProfilePageTests.java:72)
	at sun.reflect.NativeMethodAccessorImpl.invoke0(Native Method)
	at sun.reflect.NativeMethodAccessorImpl.invoke(NativeMethodAccessorImpl.java:62)
	at sun.reflect.DelegatingMethodAccessorImpl.invoke(DelegatingMethodAccessorImpl.java:43)
	at java.lang.reflect.Method.invoke(Method.java:498)
	at org.testng.internal.MethodInvocationHelper.invokeMethod(MethodInvocationHelper.java:124)
	at org.testng.internal.Invoker.invokeMethod(Invoker.java:583)
	at org.testng.internal.Invoker.invokeTestMethod(Invoker.java:719)
	at org.testng.internal.Invoker.invokeTestMethods(Invoker.java:989)
	at org.testng.internal.TestMethodWorker.invokeTestMethods(TestMethodWorker.java:125)
	at org.testng.internal.TestMethodWorker.run(TestMethodWorker.java:109)
	at org.testng.TestRunner.privateRun(TestRunner.java:648)
	at org.testng.TestRunner.run(TestRunner.java:505)
	at org.testng.SuiteRunner.runTest(SuiteRunner.java:455)
	at org.testng.SuiteRunner.access$000(SuiteRunner.java:40)
	at org.testng.SuiteRunner$SuiteWorker.run(SuiteRunner.java:489)
	at org.testng.internal.thread.ThreadUtil$1.call(ThreadUtil.java:52)
	at java.util.concurrent.FutureTask.run(FutureTask.java:266)
	at java.util.concurrent.ThreadPoolExecutor.runWorker(ThreadPoolExecutor.java:1149)
	at java.util.concurrent.ThreadPoolExecutor$Worker.run(ThreadPoolExecutor.java:624)
	at java.lang.Thread.run(Thread.java:748)
</pre></div></td>
<td>174</td>
<td>com.ecommerce.redlion.test.ProfilePageTests@6d7453ad</td></tr>
<tr>
<td title='com.ecommerce.redlion.test.ProfilePageTests.validationOfProfilePage_UpdatingCommunicationPreferences()'><b>validationOfProfilePage_UpdatingCommunicationPreferences</b><br>Test class: com.ecommerce.redlion.test.ProfilePageTests</td>
<td><div><pre>java.lang.IllegalArgumentException: Width (0) and height (0) must be &gt; 0
	at java.awt.image.SampleModel.&lt;init&gt;(SampleModel.java:126)
	at java.awt.image.ComponentSampleModel.&lt;init&gt;(ComponentSampleModel.java:146)
	at java.awt.image.PixelInterleavedSampleModel.&lt;init&gt;(PixelInterleavedSampleModel.java:87)
	at java.awt.image.Raster.createInterleavedRaster(Raster.java:641)
	at java.awt.image.Raster.createInterleavedRaster(Raster.java:278)
	at java.awt.image.BufferedImage.&lt;init&gt;(BufferedImage.java:376)
	at ru.yandex.qatools.ashot.shooting.ViewportPastingDecorator.getScreenshot(ViewportPastingDecorator.java:46)
	at ru.yandex.qatools.ashot.shooting.ViewportPastingDecorator.getScreenshot(ViewportPastingDecorator.java:35)
	at ru.yandex.qatools.ashot.AShot.takeScreenshot(AShot.java:143)
	at com.ecommerce.redlion.helpers.BaseLibrary.takeScreenShotError(BaseLibrary.java:140)
	at com.ecommerce.redlion.test.ProfilePageTests.validationOfProfilePage_UpdatingCommunicationPreferences(ProfilePageTests.java:217)
	at java.util.concurrent.FutureTask.run(FutureTask.java:266)
	at java.util.concurrent.ThreadPoolExecutor.runWorker(ThreadPoolExecutor.java:1149)
	at java.util.concurrent.ThreadPoolExecutor$Worker.run(ThreadPoolExecutor.java:624)
	at java.lang.Thread.run(Thread.java:748)
... Removed 16 stack frames</pre></div><a href='#' onClick='toggleBox("stack-trace2012453023", this, "Click to show all stack frames", "Click to hide stack frames")'>Click to show all stack frames</a>
<div class='stack-trace' id='stack-trace2012453023'><pre>java.lang.IllegalArgumentException: Width (0) and height (0) must be &gt; 0
	at java.awt.image.SampleModel.&lt;init&gt;(SampleModel.java:126)
	at java.awt.image.ComponentSampleModel.&lt;init&gt;(ComponentSampleModel.java:146)
	at java.awt.image.PixelInterleavedSampleModel.&lt;init&gt;(PixelInterleavedSampleModel.java:87)
	at java.awt.image.Raster.createInterleavedRaster(Raster.java:641)
	at java.awt.image.Raster.createInterleavedRaster(Raster.java:278)
	at java.awt.image.BufferedImage.&lt;init&gt;(BufferedImage.java:376)
	at ru.yandex.qatools.ashot.shooting.ViewportPastingDecorator.getScreenshot(ViewportPastingDecorator.java:46)
	at ru.yandex.qatools.ashot.shooting.ViewportPastingDecorator.getScreenshot(ViewportPastingDecorator.java:35)
	at ru.yandex.qatools.ashot.AShot.takeScreenshot(AShot.java:143)
	at com.ecommerce.redlion.helpers.BaseLibrary.takeScreenShotError(BaseLibrary.java:140)
	at com.ecommerce.redlion.test.ProfilePageTests.validationOfProfilePage_UpdatingCommunicationPreferences(ProfilePageTests.java:217)
	at sun.reflect.NativeMethodAccessorImpl.invoke0(Native Method)
	at sun.reflect.NativeMethodAccessorImpl.invoke(NativeMethodAccessorImpl.java:62)
	at sun.reflect.DelegatingMethodAccessorImpl.invoke(DelegatingMethodAccessorImpl.java:43)
	at java.lang.reflect.Method.invoke(Method.java:498)
	at org.testng.internal.MethodInvocationHelper.invokeMethod(MethodInvocationHelper.java:124)
	at org.testng.internal.Invoker.invokeMethod(Invoker.java:583)
	at org.testng.internal.Invoker.invokeTestMethod(Invoker.java:719)
	at org.testng.internal.Invoker.invokeTestMethods(Invoker.java:989)
	at org.testng.internal.TestMethodWorker.invokeTestMethods(TestMethodWorker.java:125)
	at org.testng.internal.TestMethodWorker.run(TestMethodWorker.java:109)
	at org.testng.TestRunner.privateRun(TestRunner.java:648)
	at org.testng.TestRunner.run(TestRunner.java:505)
	at org.testng.SuiteRunner.runTest(SuiteRunner.java:455)
	at org.testng.SuiteRunner.access$000(SuiteRunner.java:40)
	at org.testng.SuiteRunner$SuiteWorker.run(SuiteRunner.java:489)
	at org.testng.internal.thread.ThreadUtil$1.call(ThreadUtil.java:52)
	at java.util.concurrent.FutureTask.run(FutureTask.java:266)
	at java.util.concurrent.ThreadPoolExecutor.runWorker(ThreadPoolExecutor.java:1149)
	at java.util.concurrent.ThreadPoolExecutor$Worker.run(ThreadPoolExecutor.java:624)
	at java.lang.Thread.run(Thread.java:748)
</pre></div></td>
<td>51</td>
<td>com.ecommerce.redlion.test.ProfilePageTests@6d7453ad</td></tr>
</table><p>
<table width='100%' border='1' class='invocation-passed'>
<tr><td colspan='4' align='center'><b>PASSED TESTS</b></td></tr>
<tr><td><b>Test method</b></td>
<td width="30%"><b>Exception</b></td>
<td width="10%"><b>Time (seconds)</b></td>
<td><b>Instance</b></td>
</tr>
<tr>
<td title='com.ecommerce.redlion.test.ProfilePageTests.validationOfProfilePageDetails()'><b>validationOfProfilePageDetails</b><br>Test class: com.ecommerce.redlion.test.ProfilePageTests</td>
<td></td>
<td>32</td>
<td>com.ecommerce.redlion.test.ProfilePageTests@6d7453ad</td></tr>
<tr>
<td title='com.ecommerce.redlion.test.ProfilePageTests.validationOfProfilePage_UpdatingUserDetails()'><b>validationOfProfilePage_UpdatingUserDetails</b><br>Test class: com.ecommerce.redlion.test.ProfilePageTests</td>
<td></td>
<td>56</td>
<td>com.ecommerce.redlion.test.ProfilePageTests@6d7453ad</td></tr>
</table><p>
</body>
</html>