<?xml version="1.0" encoding="UTF-8"?>
<!-- Generated by org.testng.reporters.JUnitXMLReporter -->
<testsuite hostname="MSURI-L-1576" ignored="11" name="SequentialTests" tests="53" failures="7" timestamp="11 Mar 2020 05:11:47 GMT" time="3269.206" errors="0">
  <testcase name="validationOfBrandsCountAndImages" time="132.518" classname="com.ecommerce.redlion.test.BrandsPageTests"/>
  <testcase name="validateBrandCardDetails" time="31.64" classname="com.ecommerce.redlion.test.BrandsPageTests"/>
  <testcase name="validationEachBrandCardDetails" time="487.444" classname="com.ecommerce.redlion.test.BrandsPageTests"/>
  <testcase name="validationOfBrandWebSite_Hotelrl" time="22.828" classname="com.ecommerce.redlion.test.BrandsPageTests"/>
  <testcase name="validationOfSupportPage_HowMayweHelpSearch" time="53.348" classname="com.ecommerce.redlion.test.SupportPageTests"/>
  <testcase name="validationOfSupportPage_CategoriesUnderFAQ" time="231.48" classname="com.ecommerce.redlion.test.SupportPageTests"/>
  <testcase name="validationOfSupportPage_BrowseByTopicList" time="416.172" classname="com.ecommerce.redlion.test.SupportPageTests"/>
  <testcase name="validationOfSupportPage_FindAPropertySearch_InValidDetails" time="20.995" classname="com.ecommerce.redlion.test.SupportPageTests"/>
  <testcase name="validationOfSupportPage_FindAPropertySearch_ValidDetails" time="36.684" classname="com.ecommerce.redlion.test.SupportPageTests"/>
  <testcase name="validationOfSupportPage_FindAPropertySearch_ChangeLocation" time="43.642" classname="com.ecommerce.redlion.test.SupportPageTests"/>
  <testcase name="verifySupportPage_NeedAdditionalHelpButtonsNavigation" time="21.463" classname="com.ecommerce.redlion.test.SupportPageTests"/>
  <testcase name="homePageHeaderTabsValdation" time="20.93" classname="com.ecommerce.redlion.test.PasswordResetTest"/>
  <testcase name="validationOfContactPage_Routing_ChatButton" time="28.305" classname="com.ecommerce.redlion.test.ContactPageTests"/>
  <testcase name="validationOfContactPage_InvalidEmailFormSubmission" time="15.431" classname="com.ecommerce.redlion.test.ContactPageTests"/>
  <testcase name="validationOfContactPage_validEmailFormSubmission" time="55.298" classname="com.ecommerce.redlion.test.ContactPageTests"/>
  <testcase name="validationMeetingsAndEvents" time="91.962" classname="com.ecommerce.redlion.test.MeetingsAndEventsPageTest"/>
  <testcase name="validationOfCallUsAndEmail" time="14.863" classname="com.ecommerce.redlion.test.MeetingsAndEventsPageTest"/>
  <testcase name="manageReservations" time="14.058" classname="com.ecommerce.redlion.test.ManageReservationsPageTest"/>
  <testcase name="homePageHeaderTabsValdation" time="1.785" classname="com.ecommerce.redlion.test.HomePageTest"/>
  <testcase name="homePagePromotionalCardsValdation" time="1.564" classname="com.ecommerce.redlion.test.HomePageTest"/>
  <testcase name="homePageHelloRewardsValdation" time="8.854" classname="com.ecommerce.redlion.test.HomePageTest"/>
  <testcase name="homePgHelloRdsValdationWithBlankFlds" time="5.536" classname="com.ecommerce.redlion.test.HomePageTest"/>
  <testcase name="homePgHelloRdsValdationWithInvalidData" time="11.42" classname="com.ecommerce.redlion.test.HomePageTest"/>
  <testcase name="homePage_HelloRewardsLoginWithValidDataValdation" time="23.453" classname="com.ecommerce.redlion.test.HomePageTest"/>
  <testcase name="homePageFooterValdation" time="191.789" classname="com.ecommerce.redlion.test.HomePageTest"/>
  <testcase name="homePageSearchBarValdation" time="0.68" classname="com.ecommerce.redlion.test.HomePageTest"/>
  <testcase name="homePageLocationSearchValdation" time="6.345" classname="com.ecommerce.redlion.test.HomePageTest"/>
  <testcase name="homePageEachLocationSearchValdation" time="30.224" classname="com.ecommerce.redlion.test.HomePageTest"/>
  <testcase name="homePageCalenderValdation" time="15.32" classname="com.ecommerce.redlion.test.HomePageTest"/>
  <testcase name="homePageRoomsOccupancyValdation" time="24.872" classname="com.ecommerce.redlion.test.HomePageTest"/>
  <testcase name="homePage_DiscountsValdation" time="22.182" classname="com.ecommerce.redlion.test.HomePageTest"/>
  <testcase name="homePage_UseCurrentLocationValdation" time="9.491" classname="com.ecommerce.redlion.test.HomePageTest"/>
  <testcase name="validationOfRewardsSignUpPage_Form_InvalidData" time="79.707" classname="com.ecommerce.redlion.test.RewardsSignUpTests"/>
  <testcase name="validationOfRewardsSignUpPage_Form_ExistingUserData" time="19.354" classname="com.ecommerce.redlion.test.RewardsSignUpTests"/>
  <testcase name="validationOfRoomType" time="38.299" classname="com.ecommerce.redlion.test.PropertyPageTest"/>
  <testcase name="validationOfNavigationTabsPropertyPage" time="5.779" classname="com.ecommerce.redlion.test.PropertyPageTest"/>
  <testcase name="validationOfContactTabsPropertyPage" time="1.012" classname="com.ecommerce.redlion.test.PropertyPageTest"/>
  <testcase name="validationOfAmenitiesTabsPropertyPage" time="8.302" classname="com.ecommerce.redlion.test.PropertyPageTest"/>
  <testcase name="validationOfRoomTypesTabsPropertyPage" time="125.138" classname="com.ecommerce.redlion.test.PropertyPageTest"/>
  <testcase name="validationOfPackagesTabsPropertyPage" time="6.383" classname="com.ecommerce.redlion.test.PropertyPageTest"/>
  <testcase name="validationOfRoomType" time="161.101" classname="com.ecommerce.redlion.test.HotelLocationsPageTest"/>
  <testcase name="validationOfMilesFilterHotelLocationPage" time="24.491" classname="com.ecommerce.redlion.test.HotelLocationsPageTest"/>
  <testcase name="validationOfPricesFilterHotelLocationPage" time="17.315" classname="com.ecommerce.redlion.test.HotelLocationsPageTest"/>
  <testcase name="validationOfMapView" time="25.54" classname="com.ecommerce.redlion.test.HotelLocationsPageTest"/>
  <testcase name="validationOfProfilePageDetails" time="48.484" classname="com.ecommerce.redlion.test.ProfilePageTests"/>
  <testcase name="validationOfProfilePage_UpdatingUserDetails" time="47.367" classname="com.ecommerce.redlion.test.ProfilePageTests"/>
  <testcase name="validationOfProfilePage_AccountSettings_ManagePaymentMethods" time="171.829" classname="com.ecommerce.redlion.test.ProfilePageTests">
    <failure type="java.lang.IllegalArgumentException" message="Width (0) and height (0) must be &amp;gt; 0">
      <![CDATA[java.lang.IllegalArgumentException: Width (0) and height (0) must be > 0
at java.awt.image.SampleModel.<init>(SampleModel.java:126)
at java.awt.image.ComponentSampleModel.<init>(ComponentSampleModel.java:146)
at java.awt.image.PixelInterleavedSampleModel.<init>(PixelInterleavedSampleModel.java:87)
at java.awt.image.Raster.createInterleavedRaster(Raster.java:641)
at java.awt.image.Raster.createInterleavedRaster(Raster.java:278)
at java.awt.image.BufferedImage.<init>(BufferedImage.java:376)
at ru.yandex.qatools.ashot.shooting.ViewportPastingDecorator.getScreenshot(ViewportPastingDecorator.java:46)
at ru.yandex.qatools.ashot.shooting.ViewportPastingDecorator.getScreenshot(ViewportPastingDecorator.java:35)
at ru.yandex.qatools.ashot.AShot.takeScreenshot(AShot.java:143)
at com.ecommerce.redlion.helpers.BaseLibrary.takeScreenShotError(BaseLibrary.java:140)
at com.ecommerce.redlion.test.ProfilePageTests.validationOfProfilePage_AccountSettings_ManagePaymentMethods(ProfilePageTests.java:72)
... Removed 25 stack frames]]>
    </failure>
  </testcase> <!-- validationOfProfilePage_AccountSettings_ManagePaymentMethods -->
  <testcase name="validationOfCreditCardAddition_InvalidData" time="52.029" classname="com.ecommerce.redlion.test.ProfilePageTests">
    <failure type="java.lang.IllegalArgumentException" message="Width (0) and height (0) must be &amp;gt; 0">
      <![CDATA[java.lang.IllegalArgumentException: Width (0) and height (0) must be > 0
at java.awt.image.SampleModel.<init>(SampleModel.java:126)
at java.awt.image.ComponentSampleModel.<init>(ComponentSampleModel.java:146)
at java.awt.image.PixelInterleavedSampleModel.<init>(PixelInterleavedSampleModel.java:87)
at java.awt.image.Raster.createInterleavedRaster(Raster.java:641)
at java.awt.image.Raster.createInterleavedRaster(Raster.java:278)
at java.awt.image.BufferedImage.<init>(BufferedImage.java:376)
at ru.yandex.qatools.ashot.shooting.ViewportPastingDecorator.getScreenshot(ViewportPastingDecorator.java:46)
at ru.yandex.qatools.ashot.shooting.ViewportPastingDecorator.getScreenshot(ViewportPastingDecorator.java:35)
at ru.yandex.qatools.ashot.AShot.takeScreenshot(AShot.java:143)
at com.ecommerce.redlion.helpers.BaseLibrary.takeScreenShotError(BaseLibrary.java:140)
at com.ecommerce.redlion.test.ProfilePageTests.validationOfCreditCardAddition_InvalidData(ProfilePageTests.java:95)
... Removed 25 stack frames]]>
    </failure>
  </testcase> <!-- validationOfCreditCardAddition_InvalidData -->
  <testcase name="validationOfCreditCardAddition_ValidData" time="52.049" classname="com.ecommerce.redlion.test.ProfilePageTests">
    <failure type="java.lang.IllegalArgumentException" message="Width (0) and height (0) must be &amp;gt; 0">
      <![CDATA[java.lang.IllegalArgumentException: Width (0) and height (0) must be > 0
at java.awt.image.SampleModel.<init>(SampleModel.java:126)
at java.awt.image.ComponentSampleModel.<init>(ComponentSampleModel.java:146)
at java.awt.image.PixelInterleavedSampleModel.<init>(PixelInterleavedSampleModel.java:87)
at java.awt.image.Raster.createInterleavedRaster(Raster.java:641)
at java.awt.image.Raster.createInterleavedRaster(Raster.java:278)
at java.awt.image.BufferedImage.<init>(BufferedImage.java:376)
at ru.yandex.qatools.ashot.shooting.ViewportPastingDecorator.getScreenshot(ViewportPastingDecorator.java:46)
at ru.yandex.qatools.ashot.shooting.ViewportPastingDecorator.getScreenshot(ViewportPastingDecorator.java:35)
at ru.yandex.qatools.ashot.AShot.takeScreenshot(AShot.java:143)
at com.ecommerce.redlion.helpers.BaseLibrary.takeScreenShotError(BaseLibrary.java:140)
at com.ecommerce.redlion.test.ProfilePageTests.validationOfCreditCardAddition_ValidData(ProfilePageTests.java:120)
... Removed 25 stack frames]]>
    </failure>
  </testcase> <!-- validationOfCreditCardAddition_ValidData -->
  <testcase name="validationOfMasterPass" time="52.01" classname="com.ecommerce.redlion.test.ProfilePageTests">
    <failure type="java.lang.IllegalArgumentException" message="Width (0) and height (0) must be &amp;gt; 0">
      <![CDATA[java.lang.IllegalArgumentException: Width (0) and height (0) must be > 0
at java.awt.image.SampleModel.<init>(SampleModel.java:126)
at java.awt.image.ComponentSampleModel.<init>(ComponentSampleModel.java:146)
at java.awt.image.PixelInterleavedSampleModel.<init>(PixelInterleavedSampleModel.java:87)
at java.awt.image.Raster.createInterleavedRaster(Raster.java:641)
at java.awt.image.Raster.createInterleavedRaster(Raster.java:278)
at java.awt.image.BufferedImage.<init>(BufferedImage.java:376)
at ru.yandex.qatools.ashot.shooting.ViewportPastingDecorator.getScreenshot(ViewportPastingDecorator.java:46)
at ru.yandex.qatools.ashot.shooting.ViewportPastingDecorator.getScreenshot(ViewportPastingDecorator.java:35)
at ru.yandex.qatools.ashot.AShot.takeScreenshot(AShot.java:143)
at com.ecommerce.redlion.helpers.BaseLibrary.takeScreenShotError(BaseLibrary.java:140)
at com.ecommerce.redlion.test.ProfilePageTests.validationOfMasterPass(ProfilePageTests.java:144)
... Removed 25 stack frames]]>
    </failure>
  </testcase> <!-- validationOfMasterPass -->
  <testcase name="validationOfAdditionOfCreditCard_ManagePaymentPopUp" time="52.119" classname="com.ecommerce.redlion.test.ProfilePageTests">
    <failure type="java.lang.IllegalArgumentException" message="Width (0) and height (0) must be &amp;gt; 0">
      <![CDATA[java.lang.IllegalArgumentException: Width (0) and height (0) must be > 0
at java.awt.image.SampleModel.<init>(SampleModel.java:126)
at java.awt.image.ComponentSampleModel.<init>(ComponentSampleModel.java:146)
at java.awt.image.PixelInterleavedSampleModel.<init>(PixelInterleavedSampleModel.java:87)
at java.awt.image.Raster.createInterleavedRaster(Raster.java:641)
at java.awt.image.Raster.createInterleavedRaster(Raster.java:278)
at java.awt.image.BufferedImage.<init>(BufferedImage.java:376)
at ru.yandex.qatools.ashot.shooting.ViewportPastingDecorator.getScreenshot(ViewportPastingDecorator.java:46)
at ru.yandex.qatools.ashot.shooting.ViewportPastingDecorator.getScreenshot(ViewportPastingDecorator.java:35)
at ru.yandex.qatools.ashot.AShot.takeScreenshot(AShot.java:143)
at com.ecommerce.redlion.helpers.BaseLibrary.takeScreenShotError(BaseLibrary.java:140)
at com.ecommerce.redlion.test.ProfilePageTests.validationOfAdditionOfCreditCard_ManagePaymentPopUp(ProfilePageTests.java:168)
... Removed 25 stack frames]]>
    </failure>
  </testcase> <!-- validationOfAdditionOfCreditCard_ManagePaymentPopUp -->
  <testcase name="validationOfDeletionOfCreditCard_ManagePaymentPopUp" time="52.068" classname="com.ecommerce.redlion.test.ProfilePageTests">
    <failure type="java.lang.IllegalArgumentException" message="Width (0) and height (0) must be &amp;gt; 0">
      <![CDATA[java.lang.IllegalArgumentException: Width (0) and height (0) must be > 0
at java.awt.image.SampleModel.<init>(SampleModel.java:126)
at java.awt.image.ComponentSampleModel.<init>(ComponentSampleModel.java:146)
at java.awt.image.PixelInterleavedSampleModel.<init>(PixelInterleavedSampleModel.java:87)
at java.awt.image.Raster.createInterleavedRaster(Raster.java:641)
at java.awt.image.Raster.createInterleavedRaster(Raster.java:278)
at java.awt.image.BufferedImage.<init>(BufferedImage.java:376)
at ru.yandex.qatools.ashot.shooting.ViewportPastingDecorator.getScreenshot(ViewportPastingDecorator.java:46)
at ru.yandex.qatools.ashot.shooting.ViewportPastingDecorator.getScreenshot(ViewportPastingDecorator.java:35)
at ru.yandex.qatools.ashot.AShot.takeScreenshot(AShot.java:143)
at com.ecommerce.redlion.helpers.BaseLibrary.takeScreenShotError(BaseLibrary.java:140)
at com.ecommerce.redlion.test.ProfilePageTests.validationOfDeletionOfCreditCard_ManagePaymentPopUp(ProfilePageTests.java:192)
... Removed 25 stack frames]]>
    </failure>
  </testcase> <!-- validationOfDeletionOfCreditCard_ManagePaymentPopUp -->
  <testcase name="validationOfProfilePage_UpdatingCommunicationPreferences" time="52.122" classname="com.ecommerce.redlion.test.ProfilePageTests">
    <failure type="java.lang.IllegalArgumentException" message="Width (0) and height (0) must be &amp;gt; 0">
      <![CDATA[java.lang.IllegalArgumentException: Width (0) and height (0) must be > 0
at java.awt.image.SampleModel.<init>(SampleModel.java:126)
at java.awt.image.ComponentSampleModel.<init>(ComponentSampleModel.java:146)
at java.awt.image.PixelInterleavedSampleModel.<init>(PixelInterleavedSampleModel.java:87)
at java.awt.image.Raster.createInterleavedRaster(Raster.java:641)
at java.awt.image.Raster.createInterleavedRaster(Raster.java:278)
at java.awt.image.BufferedImage.<init>(BufferedImage.java:376)
at ru.yandex.qatools.ashot.shooting.ViewportPastingDecorator.getScreenshot(ViewportPastingDecorator.java:46)
at ru.yandex.qatools.ashot.shooting.ViewportPastingDecorator.getScreenshot(ViewportPastingDecorator.java:35)
at ru.yandex.qatools.ashot.AShot.takeScreenshot(AShot.java:143)
at com.ecommerce.redlion.helpers.BaseLibrary.takeScreenShotError(BaseLibrary.java:140)
at com.ecommerce.redlion.test.ProfilePageTests.validationOfProfilePage_UpdatingCommunicationPreferences(ProfilePageTests.java:217)
... Removed 25 stack frames]]>
    </failure>
  </testcase> <!-- validationOfProfilePage_UpdatingCommunicationPreferences -->
  <testcase name="@BeforeSuite getInstance" time="0.0" classname="com.ecommerce.redlion.helpers.BaseLibrary">
    <ignored/>
  </testcase> <!-- @BeforeSuite getInstance -->
  <testcase name="@BeforeSuite getInstance" time="0.0" classname="com.ecommerce.redlion.helpers.BaseLibrary">
    <ignored/>
  </testcase> <!-- @BeforeSuite getInstance -->
  <testcase name="@BeforeSuite getInstance" time="0.0" classname="com.ecommerce.redlion.helpers.BaseLibrary">
    <ignored/>
  </testcase> <!-- @BeforeSuite getInstance -->
  <testcase name="@BeforeSuite getInstance" time="0.0" classname="com.ecommerce.redlion.helpers.BaseLibrary">
    <ignored/>
  </testcase> <!-- @BeforeSuite getInstance -->
  <testcase name="@BeforeSuite getInstance" time="0.0" classname="com.ecommerce.redlion.helpers.BaseLibrary">
    <ignored/>
  </testcase> <!-- @BeforeSuite getInstance -->
  <testcase name="@BeforeSuite getInstance" time="0.0" classname="com.ecommerce.redlion.helpers.BaseLibrary">
    <ignored/>
  </testcase> <!-- @BeforeSuite getInstance -->
  <testcase name="@BeforeSuite getInstance" time="0.0" classname="com.ecommerce.redlion.helpers.BaseLibrary">
    <ignored/>
  </testcase> <!-- @BeforeSuite getInstance -->
  <testcase name="@BeforeSuite getInstance" time="0.0" classname="com.ecommerce.redlion.helpers.BaseLibrary">
    <ignored/>
  </testcase> <!-- @BeforeSuite getInstance -->
  <testcase name="@BeforeSuite getInstance" time="0.0" classname="com.ecommerce.redlion.helpers.BaseLibrary">
    <ignored/>
  </testcase> <!-- @BeforeSuite getInstance -->
  <testcase name="@BeforeSuite getInstance" time="0.0" classname="com.ecommerce.redlion.helpers.BaseLibrary">
    <ignored/>
  </testcase> <!-- @BeforeSuite getInstance -->
  <testcase name="validationOfRewardsSignUpPage_Form_NewUserData" time="0.0" classname="com.ecommerce.redlion.test.RewardsSignUpTests">
    <ignored/>
  </testcase> <!-- validationOfRewardsSignUpPage_Form_NewUserData -->
</testsuite> <!-- SequentialTests -->
