<?xml version="1.0" encoding="UTF-8"?>
<!-- Generated by org.testng.reporters.JUnitReportReporter -->
<testsuite skipped="10" hostname="Pegatest-4" name="com.ecommerce.redlion.test.NonReservations" tests="12" failures="0" timestamp="2020-02-20T21:49:43 IST" time="-1582215552.000" errors="2">
  <testcase name="setDriver" time="-1582215552.000" classname="com.ecommerce.redlion.test.NonReservations">
    <error type="org.testng.TestNGException" message="
Parameter &#039;url&#039; is required by BeforeClass on method setDriver but has not been marked @Optional or defined
in D:\RLHCode2020\eCommerce_RLH\NonReservations_Test.xml">
      <![CDATA[org.testng.TestNGException: 
Parameter 'url' is required by BeforeClass on method setDriver but has not been marked @Optional or defined
in D:\RLHCode2020\eCommerce_RLH\NonReservations_Test.xml
at org.testng.internal.Parameters.createParams(Parameters.java:289)
at org.testng.internal.Parameters.createParametersForMethod(Parameters.java:377)
at org.testng.internal.Parameters.createParameters(Parameters.java:721)
at org.testng.internal.Parameters.createConfigurationParameters(Parameters.java:164)
at org.testng.internal.ConfigInvoker.invokeConfigurations(ConfigInvoker.java:275)
at org.testng.internal.TestMethodWorker.invokeBeforeClassMethods(TestMethodWorker.java:176)
at org.testng.internal.TestMethodWorker.run(TestMethodWorker.java:122)
at java.util.ArrayList.forEach(Unknown Source)
at org.testng.TestRunner.privateRun(TestRunner.java:770)
at org.testng.TestRunner.run(TestRunner.java:591)
at org.testng.SuiteRunner.runTest(SuiteRunner.java:402)
at org.testng.SuiteRunner.runSequentially(SuiteRunner.java:396)
at org.testng.SuiteRunner.privateRun(SuiteRunner.java:355)
at org.testng.SuiteRunner.run(SuiteRunner.java:304)
at org.testng.SuiteRunnerWorker.runSuite(SuiteRunnerWorker.java:53)
at org.testng.SuiteRunnerWorker.run(SuiteRunnerWorker.java:96)
at org.testng.TestNG.runSuitesSequentially(TestNG.java:1180)
at org.testng.TestNG.runSuitesLocally(TestNG.java:1102)
at org.testng.TestNG.runSuites(TestNG.java:1032)
at org.testng.TestNG.run(TestNG.java:1000)
at org.testng.remote.AbstractRemoteTestNG.run(AbstractRemoteTestNG.java:115)
at org.testng.remote.RemoteTestNG.initAndRun(RemoteTestNG.java:251)
at org.testng.remote.RemoteTestNG.main(RemoteTestNG.java:77)
]]>
    </error>
  </testcase> <!-- setDriver -->
  <testcase name="quitDriver" time="0.000" classname="com.ecommerce.redlion.test.NonReservations">
    <error type="java.lang.NullPointerException">
      <![CDATA[java.lang.NullPointerException
at com.ecommerce.redlion.helpers.BaseLibrary.quitDriver(BaseLibrary.java:164)
at sun.reflect.NativeMethodAccessorImpl.invoke0(Native Method)
at sun.reflect.NativeMethodAccessorImpl.invoke(Unknown Source)
at sun.reflect.DelegatingMethodAccessorImpl.invoke(Unknown Source)
at java.lang.reflect.Method.invoke(Unknown Source)
at org.testng.internal.MethodInvocationHelper.invokeMethod(MethodInvocationHelper.java:133)
at org.testng.internal.MethodInvocationHelper.invokeMethodConsideringTimeout(MethodInvocationHelper.java:62)
at org.testng.internal.ConfigInvoker.invokeConfigurationMethod(ConfigInvoker.java:340)
at org.testng.internal.ConfigInvoker.invokeConfigurations(ConfigInvoker.java:294)
at org.testng.internal.TestMethodWorker.invokeAfterClassMethods(TestMethodWorker.java:217)
at org.testng.internal.TestMethodWorker.run(TestMethodWorker.java:130)
at java.util.ArrayList.forEach(Unknown Source)
at org.testng.TestRunner.privateRun(TestRunner.java:770)
at org.testng.TestRunner.run(TestRunner.java:591)
at org.testng.SuiteRunner.runTest(SuiteRunner.java:402)
at org.testng.SuiteRunner.runSequentially(SuiteRunner.java:396)
at org.testng.SuiteRunner.privateRun(SuiteRunner.java:355)
at org.testng.SuiteRunner.run(SuiteRunner.java:304)
at org.testng.SuiteRunnerWorker.runSuite(SuiteRunnerWorker.java:53)
at org.testng.SuiteRunnerWorker.run(SuiteRunnerWorker.java:96)
at org.testng.TestNG.runSuitesSequentially(TestNG.java:1180)
at org.testng.TestNG.runSuitesLocally(TestNG.java:1102)
at org.testng.TestNG.runSuites(TestNG.java:1032)
at org.testng.TestNG.run(TestNG.java:1000)
at org.testng.remote.AbstractRemoteTestNG.run(AbstractRemoteTestNG.java:115)
at org.testng.remote.RemoteTestNG.initAndRun(RemoteTestNG.java:251)
at org.testng.remote.RemoteTestNG.main(RemoteTestNG.java:77)
]]>
    </error>
  </testcase> <!-- quitDriver -->
  <testcase name="checkoutPagePintopDetailsValdation" time="0.000" classname="com.ecommerce.redlion.test.NonReservations">
    <skipped/>
  </testcase> <!-- checkoutPagePintopDetailsValdation -->
  <testcase name="checkoutPagePintopModifyButtonValdation" time="0.000" classname="com.ecommerce.redlion.test.NonReservations">
    <skipped/>
  </testcase> <!-- checkoutPagePintopModifyButtonValdation -->
  <testcase name="checkoutSkipThhisSectionValdation" time="0.000" classname="com.ecommerce.redlion.test.NonReservations">
    <skipped/>
  </testcase> <!-- checkoutSkipThhisSectionValdation -->
  <testcase name="checkoutAddAnotherRoomValdation" time="0.000" classname="com.ecommerce.redlion.test.NonReservations">
    <skipped/>
  </testcase> <!-- checkoutAddAnotherRoomValdation -->
  <testcase name="cardsDetailsValdation" time="0.000" classname="com.ecommerce.redlion.test.NonReservations">
    <skipped/>
  </testcase> <!-- cardsDetailsValdation -->
  <testcase name="optionsAndupdateRoomValdation" time="0.000" classname="com.ecommerce.redlion.test.NonReservations">
    <skipped/>
  </testcase> <!-- optionsAndupdateRoomValdation -->
  <testcase name="specialRequestFieldValdation" time="0.000" classname="com.ecommerce.redlion.test.NonReservations">
    <skipped/>
  </testcase> <!-- specialRequestFieldValdation -->
  <testcase name="promoCodeValdation" time="0.000" classname="com.ecommerce.redlion.test.NonReservations">
    <skipped/>
  </testcase> <!-- promoCodeValdation -->
  <testcase name="managePaymentsValdation" time="0.000" classname="com.ecommerce.redlion.test.NonReservations">
    <skipped/>
  </testcase> <!-- managePaymentsValdation -->
  <testcase name="creditCardsValdation" time="0.000" classname="com.ecommerce.redlion.test.NonReservations">
    <skipped/>
  </testcase> <!-- creditCardsValdation -->
</testsuite> <!-- com.ecommerce.redlion.test.NonReservations -->
