<?xml version="1.0" encoding="UTF-8"?>
<!-- Generated by org.testng.reporters.JUnitReportReporter -->
<testsuite skipped="6" hostname="MSURI-L-1576" name="com.ecommerce.redlion.test.CheckOutPageTest" tests="8" failures="0" timestamp="19 Feb 2020 10:33:18 GMT" time="0.000" errors="2">
  <testcase name="setDriver" time="0.000" classname="com.ecommerce.redlion.test.CheckOutPageTest">
    <error type="org.testng.TestNGException" message="
Parameter &#039;url&#039; is required by BeforeClass on method setDriver but has not been marked @Optional or defined
in C:\Users\msuri\RLH_Jan31_2020\eCommerce_RLH\Redlion.xml">
      <![CDATA[org.testng.TestNGException: 
Parameter 'url' is required by BeforeClass on method setDriver but has not been marked @Optional or defined
in C:\Users\msuri\RLH_Jan31_2020\eCommerce_RLH\Redlion.xml
at org.testng.internal.Parameters.createParams(Parameters.java:290)
at org.testng.internal.Parameters.createParametersForMethod(Parameters.java:359)
at org.testng.internal.Parameters.createParameters(Parameters.java:620)
at org.testng.internal.Parameters.createConfigurationParameters(Parameters.java:190)
at org.testng.internal.Invoker.invokeConfigurations(Invoker.java:209)
at org.testng.internal.Invoker.invokeConfigurations(Invoker.java:142)
at org.testng.internal.TestMethodWorker.invokeBeforeClassMethods(TestMethodWorker.java:168)
at org.testng.internal.TestMethodWorker.run(TestMethodWorker.java:105)
at org.testng.TestRunner.privateRun(TestRunner.java:648)
at org.testng.TestRunner.run(TestRunner.java:505)
at org.testng.SuiteRunner.runTest(SuiteRunner.java:455)
at org.testng.SuiteRunner.access$000(SuiteRunner.java:40)
at org.testng.SuiteRunner$SuiteWorker.run(SuiteRunner.java:489)
at org.testng.internal.thread.ThreadUtil$1.call(ThreadUtil.java:52)
at java.util.concurrent.FutureTask.run(Unknown Source)
at java.util.concurrent.ThreadPoolExecutor.runWorker(Unknown Source)
at java.util.concurrent.ThreadPoolExecutor$Worker.run(Unknown Source)
at java.lang.Thread.run(Unknown Source)
]]>
    </error>
  </testcase> <!-- setDriver -->
  <testcase name="quitDriver" time="0.000" classname="com.ecommerce.redlion.test.CheckOutPageTest">
    <error type="java.lang.NullPointerException">
      <![CDATA[java.lang.NullPointerException
at com.ecommerce.redlion.helpers.BaseLibrary.quitDriver(BaseLibrary.java:146)
at sun.reflect.NativeMethodAccessorImpl.invoke0(Native Method)
at sun.reflect.NativeMethodAccessorImpl.invoke(Unknown Source)
at sun.reflect.DelegatingMethodAccessorImpl.invoke(Unknown Source)
at java.lang.reflect.Method.invoke(Unknown Source)
at org.testng.internal.MethodInvocationHelper.invokeMethod(MethodInvocationHelper.java:124)
at org.testng.internal.MethodInvocationHelper.invokeMethodConsideringTimeout(MethodInvocationHelper.java:59)
at org.testng.internal.Invoker.invokeConfigurationMethod(Invoker.java:458)
at org.testng.internal.Invoker.invokeConfigurations(Invoker.java:222)
at org.testng.internal.Invoker.invokeConfigurations(Invoker.java:142)
at org.testng.internal.TestMethodWorker.invokeAfterClassMethods(TestMethodWorker.java:214)
at org.testng.internal.TestMethodWorker.run(TestMethodWorker.java:111)
at org.testng.TestRunner.privateRun(TestRunner.java:648)
at org.testng.TestRunner.run(TestRunner.java:505)
at org.testng.SuiteRunner.runTest(SuiteRunner.java:455)
at org.testng.SuiteRunner.access$000(SuiteRunner.java:40)
at org.testng.SuiteRunner$SuiteWorker.run(SuiteRunner.java:489)
at org.testng.internal.thread.ThreadUtil$1.call(ThreadUtil.java:52)
at java.util.concurrent.FutureTask.run(Unknown Source)
at java.util.concurrent.ThreadPoolExecutor.runWorker(Unknown Source)
at java.util.concurrent.ThreadPoolExecutor$Worker.run(Unknown Source)
at java.lang.Thread.run(Unknown Source)
]]>
    </error>
  </testcase> <!-- quitDriver -->
  <testcase name="checkoutPagePintopDetailsValdation" time="0.000" classname="com.ecommerce.redlion.test.CheckOutPageTest">
    <skipped/>
  </testcase> <!-- checkoutPagePintopDetailsValdation -->
  <testcase name="checkoutPagePintopModifyButtonValdation" time="0.000" classname="com.ecommerce.redlion.test.CheckOutPageTest">
    <skipped/>
  </testcase> <!-- checkoutPagePintopModifyButtonValdation -->
  <testcase name="checkoutAddAnotherRoomValdation" time="0.000" classname="com.ecommerce.redlion.test.CheckOutPageTest">
    <skipped/>
  </testcase> <!-- checkoutAddAnotherRoomValdation -->
  <testcase name="cardsDetailsValdation" time="0.000" classname="com.ecommerce.redlion.test.CheckOutPageTest">
    <skipped/>
  </testcase> <!-- cardsDetailsValdation -->
  <testcase name="optionsAndupdateRoomValdation" time="0.000" classname="com.ecommerce.redlion.test.CheckOutPageTest">
    <skipped/>
  </testcase> <!-- optionsAndupdateRoomValdation -->
  <testcase name="promoCodeValdation" time="0.000" classname="com.ecommerce.redlion.test.CheckOutPageTest">
    <skipped/>
  </testcase> <!-- promoCodeValdation -->
</testsuite> <!-- com.ecommerce.redlion.test.CheckOutPageTest -->
