<?xml version="1.0" encoding="UTF-8"?>
<!-- Generated by org.testng.reporters.JUnitXMLReporter -->
<testsuite hostname="MSURI-L-1576" ignored="3" name="checkouttests" tests="1" failures="0" timestamp="19 Feb 2020 10:03:38 GMT" time="0.022" errors="0">
  <testcase name="@BeforeSuite setDriver" time="0.0" classname="com.ecommerce.redlion.helpers.BaseLibrary">
    <failure type="org.testng.TestNGException" message="
Parameter &amp;apos;browser&amp;apos; is required by BeforeSuite on method setDriver but has not been marked @Optional or defined
in C:\Users\msuri\RLH_Jan31_2020\eCommerce_RLH\Redlion.xml">
      <![CDATA[org.testng.TestNGException: 
Parameter 'browser' is required by BeforeSuite on method setDriver but has not been marked @Optional or defined
in C:\Users\msuri\RLH_Jan31_2020\eCommerce_RLH\Redlion.xml
... Removed 17 stack frames]]>
    </failure>
  </testcase> <!-- @BeforeSuite setDriver -->
  <testcase name="checkoutPagePintopDetailsValdation" time="0.0" classname="com.ecommerce.redlion.test.NonReservations">
    <skipped/>
  </testcase> <!-- checkoutPagePintopDetailsValdation -->
  <testcase name="@BeforeSuite getInstance" time="0.0" classname="com.ecommerce.redlion.helpers.BaseLibrary">
    <ignored/>
  </testcase> <!-- @BeforeSuite getInstance -->
  <testcase name="@BeforeSuite setDriver" time="0.0" classname="com.ecommerce.redlion.helpers.BaseLibrary">
    <ignored/>
  </testcase> <!-- @BeforeSuite setDriver -->
  <testcase name="existingUserHotelBookingMultipleRooms" time="0.0" classname="com.ecommerce.redlion.test.AllReservationsCheckout">
    <ignored/>
  </testcase> <!-- existingUserHotelBookingMultipleRooms -->
</testsuite> <!-- checkouttests -->
